INFO:experiments.run_all_experiments_v3:============================================================
INFO:experiments.run_all_experiments_v3:EXPERIMENT 3: Scaling Behavior
INFO:experiments.run_all_experiments_v3:============================================================
INFO:experiments.run_all_experiments_v3:Total circuits: 12000

E3:   0%|          | 0/12000 [00:00<?, ?it/s]
E3:   1%|          | 140/12000 [00:00<00:08, 1399.11it/s]
E3:   2%|▏         | 280/12000 [00:00<00:11, 996.92it/s] 
E3:   3%|▎         | 387/12000 [00:00<00:14, 801.09it/s]
E3:   4%|▍         | 473/12000 [00:00<00:18, 622.52it/s]
E3:   5%|▍         | 542/12000 [00:00<00:20, 559.53it/s]
E3:   5%|▌         | 602/12000 [00:00<00:23, 494.59it/s]
E3:   5%|▌         | 654/12000 [00:01<00:25, 451.06it/s]
E3:   6%|▌         | 701/12000 [00:01<00:27, 414.13it/s]
E3:   6%|▌         | 743/12000 [00:01<00:29, 377.87it/s]
E3:   7%|▋         | 781/12000 [00:01<00:32, 348.06it/s]
E3:   7%|▋         | 816/12000 [00:01<00:33, 337.81it/s]
E3:   7%|▋         | 850/12000 [00:01<00:33, 329.20it/s]
E3:   7%|▋         | 883/12000 [00:01<00:37, 298.25it/s]
E3:   8%|▊         | 913/12000 [00:02<00:39, 283.20it/s]
E3:   8%|▊         | 942/12000 [00:02<00:40, 272.81it/s]
E3:   8%|▊         | 970/12000 [00:02<00:42, 258.07it/s]
E3:   8%|▊         | 996/12000 [00:02<00:43, 255.36it/s]
E3:   9%|▊         | 1022/12000 [00:02<00:46, 238.58it/s]
E3:   9%|▊         | 1046/12000 [00:02<00:48, 227.02it/s]
E3:   9%|▉         | 1069/12000 [00:02<00:49, 220.16it/s]
E3:   9%|▉         | 1095/12000 [00:02<00:48, 223.29it/s]
E3:   9%|▉         | 1118/12000 [00:03<00:58, 187.20it/s]
E3:  10%|▉         | 1140/12000 [00:03<00:56, 193.75it/s]
E3:  10%|▉         | 1161/12000 [00:03<00:57, 189.20it/s]
E3:  10%|▉         | 1182/12000 [00:03<00:55, 193.74it/s]
E3:  10%|█         | 1203/12000 [00:03<00:54, 197.75it/s]
E3:  10%|█         | 1224/12000 [00:03<00:57, 186.38it/s]
E3:  10%|█         | 1244/12000 [00:03<00:56, 189.79it/s]
E3:  11%|█         | 1264/12000 [00:03<01:01, 175.86it/s]
E3:  11%|█         | 1287/12000 [00:03<00:58, 184.56it/s]
E3:  11%|█         | 1306/12000 [00:04<01:02, 170.57it/s]
E3:  11%|█         | 1324/12000 [00:04<01:03, 168.57it/s]
E3:  11%|█         | 1346/12000 [00:04<00:58, 180.80it/s]
E3:  11%|█▏        | 1365/12000 [00:04<01:05, 161.87it/s]
E3:  12%|█▏        | 1386/12000 [00:04<01:03, 167.74it/s]
E3:  12%|█▏        | 1404/12000 [00:04<01:05, 162.55it/s]
E3:  12%|█▏        | 1423/12000 [00:04<01:04, 163.68it/s]
E3:  12%|█▏        | 1442/12000 [00:04<01:03, 167.29it/s]
E3:  12%|█▏        | 1459/12000 [00:04<01:05, 161.85it/s]
E3:  12%|█▏        | 1476/12000 [00:05<01:09, 150.38it/s]
E3:  12%|█▏        | 1496/12000 [00:05<01:04, 161.71it/s]
E3:  13%|█▎        | 1611/12000 [00:05<00:24, 416.07it/s]
E3:  14%|█▍        | 1695/12000 [00:05<00:19, 530.33it/s]
E3:  15%|█▍        | 1758/12000 [00:05<00:18, 553.50it/s]
E3:  15%|█▌        | 1815/12000 [00:05<00:18, 544.70it/s]
E3:  16%|█▌        | 1871/12000 [00:05<00:18, 536.87it/s]
E3:  16%|█▌        | 1926/12000 [00:05<00:20, 484.82it/s]
E3:  16%|█▋        | 1976/12000 [00:06<00:23, 427.01it/s]
E3:  17%|█▋        | 2021/12000 [00:06<00:24, 401.57it/s]
E3:  17%|█▋        | 2063/12000 [00:06<00:25, 383.33it/s]
E3:  18%|█▊        | 2103/12000 [00:06<00:27, 361.63it/s]
E3:  18%|█▊        | 2140/12000 [00:06<00:28, 344.99it/s]
E3:  18%|█▊        | 2175/12000 [00:06<00:31, 307.29it/s]
E3:  18%|█▊        | 2207/12000 [00:06<00:33, 291.73it/s]
E3:  19%|█▊        | 2237/12000 [00:06<00:35, 278.24it/s]
E3:  19%|█▉        | 2266/12000 [00:07<00:38, 252.35it/s]
E3:  19%|█▉        | 2292/12000 [00:07<00:38, 251.07it/s]
E3:  19%|█▉        | 2318/12000 [00:07<00:40, 240.94it/s]
E3:  20%|█▉        | 2343/12000 [00:07<00:40, 239.38it/s]
E3:  20%|█▉        | 2368/12000 [00:07<00:44, 216.69it/s]
E3:  20%|█▉        | 2393/12000 [00:07<00:42, 223.56it/s]
E3:  20%|██        | 2416/12000 [00:07<00:45, 209.15it/s]
E3:  20%|██        | 2439/12000 [00:07<00:44, 212.73it/s]
E3:  21%|██        | 2461/12000 [00:08<00:47, 200.03it/s]
E3:  21%|██        | 2482/12000 [00:08<00:47, 198.73it/s]
E3:  21%|██        | 2504/12000 [00:08<00:48, 194.68it/s]
E3:  21%|██        | 2524/12000 [00:08<00:49, 190.82it/s]
E3:  21%|██        | 2546/12000 [00:08<00:48, 193.45it/s]
E3:  21%|██▏       | 2566/12000 [00:08<00:55, 170.27it/s]
E3:  22%|██▏       | 2584/12000 [00:08<00:54, 171.86it/s]
E3:  22%|██▏       | 2604/12000 [00:08<00:53, 175.21it/s]
E3:  22%|██▏       | 2622/12000 [00:09<00:58, 160.74it/s]
E3:  22%|██▏       | 2642/12000 [00:09<00:55, 168.83it/s]
E3:  22%|██▏       | 2660/12000 [00:09<00:58, 159.81it/s]
E3:  22%|██▏       | 2677/12000 [00:09<00:58, 158.20it/s]
E3:  22%|██▏       | 2696/12000 [00:09<00:56, 164.01it/s]
E3:  23%|██▎       | 2713/12000 [00:09<00:58, 159.66it/s]
E3:  23%|██▎       | 2730/12000 [00:09<01:00, 152.95it/s]
E3:  23%|██▎       | 2750/12000 [00:09<00:57, 160.82it/s]
E3:  23%|██▎       | 2767/12000 [00:09<01:03, 144.31it/s]
E3:  23%|██▎       | 2783/12000 [00:10<01:02, 147.60it/s]
E3:  23%|██▎       | 2801/12000 [00:10<01:00, 152.38it/s]
E3:  23%|██▎       | 2817/12000 [00:10<01:07, 136.57it/s]
E3:  24%|██▎       | 2833/12000 [00:10<01:04, 141.14it/s]
E3:  24%|██▍       | 2850/12000 [00:10<01:01, 148.36it/s]
E3:  24%|██▍       | 2866/12000 [00:10<01:07, 135.87it/s]
E3:  24%|██▍       | 2880/12000 [00:10<01:08, 132.71it/s]
E3:  24%|██▍       | 2899/12000 [00:10<01:03, 142.20it/s]
E3:  24%|██▍       | 2914/12000 [00:11<01:09, 130.02it/s]
E3:  24%|██▍       | 2928/12000 [00:11<01:14, 122.54it/s]
E3:  25%|██▍       | 2945/12000 [00:11<01:09, 131.02it/s]
E3:  25%|██▍       | 2959/12000 [00:11<01:13, 123.13it/s]
E3:  25%|██▍       | 2973/12000 [00:11<01:13, 122.15it/s]
E3:  25%|██▍       | 2987/12000 [00:11<01:12, 124.09it/s]
E3:  25%|██▌       | 3036/12000 [00:11<00:41, 216.61it/s]
E3:  26%|██▌       | 3130/12000 [00:11<00:21, 411.54it/s]
E3:  27%|██▋       | 3205/12000 [00:11<00:17, 492.04it/s]
E3:  27%|██▋       | 3263/12000 [00:12<00:17, 504.48it/s]
E3:  28%|██▊       | 3315/12000 [00:12<00:18, 479.30it/s]
E3:  28%|██▊       | 3364/12000 [00:12<00:18, 460.34it/s]
E3:  28%|██▊       | 3411/12000 [00:12<00:20, 416.68it/s]
E3:  29%|██▉       | 3454/12000 [00:12<00:22, 388.22it/s]
E3:  29%|██▉       | 3494/12000 [00:12<00:23, 368.28it/s]
E3:  29%|██▉       | 3532/12000 [00:12<00:25, 335.33it/s]
E3:  30%|██▉       | 3567/12000 [00:12<00:27, 307.39it/s]
E3:  30%|██▉       | 3599/12000 [00:13<00:27, 306.70it/s]
E3:  30%|███       | 3631/12000 [00:13<00:30, 275.72it/s]
E3:  30%|███       | 3660/12000 [00:13<00:32, 258.61it/s]
E3:  31%|███       | 3687/12000 [00:13<00:32, 256.20it/s]
E3:  31%|███       | 3713/12000 [00:13<00:34, 237.04it/s]
E3:  31%|███       | 3737/12000 [00:13<00:36, 223.61it/s]
E3:  31%|███▏      | 3760/12000 [00:13<00:39, 209.69it/s]
E3:  32%|███▏      | 3782/12000 [00:13<00:39, 209.62it/s]
E3:  32%|███▏      | 3804/12000 [00:14<00:40, 203.93it/s]
E3:  32%|███▏      | 3825/12000 [00:14<00:41, 195.26it/s]
E3:  32%|███▏      | 3845/12000 [00:14<00:42, 191.17it/s]
E3:  32%|███▏      | 3865/12000 [00:14<00:45, 180.58it/s]
E3:  32%|███▏      | 3884/12000 [00:14<00:45, 177.86it/s]
E3:  33%|███▎      | 3903/12000 [00:14<00:44, 180.80it/s]
E3:  33%|███▎      | 3922/12000 [00:14<00:47, 170.22it/s]
E3:  33%|███▎      | 3942/12000 [00:14<00:45, 176.20it/s]
E3:  33%|███▎      | 3960/12000 [00:14<00:48, 165.30it/s]
E3:  33%|███▎      | 3977/12000 [00:15<00:49, 163.47it/s]
E3:  33%|███▎      | 3995/12000 [00:15<00:48, 164.46it/s]
E3:  33%|███▎      | 4012/12000 [00:15<00:50, 157.90it/s]
E3:  34%|███▎      | 4028/12000 [00:15<00:55, 144.11it/s]
E3:  34%|███▎      | 4048/12000 [00:15<00:51, 153.93it/s]
E3:  34%|███▍      | 4064/12000 [00:15<00:59, 134.18it/s]
E3:  34%|███▍      | 4081/12000 [00:15<00:56, 139.95it/s]
E3:  34%|███▍      | 4098/12000 [00:15<00:54, 144.67it/s]
E3:  34%|███▍      | 4113/12000 [00:16<01:01, 128.92it/s]
E3:  34%|███▍      | 4129/12000 [00:16<00:58, 135.41it/s]
E3:  35%|███▍      | 4143/12000 [00:16<00:59, 133.12it/s]
E3:  35%|███▍      | 4157/12000 [00:16<01:02, 125.52it/s]
E3:  35%|███▍      | 4170/12000 [00:16<01:03, 122.36it/s]
E3:  35%|███▍      | 4185/12000 [00:16<01:00, 129.59it/s]
E3:  35%|███▍      | 4199/12000 [00:16<01:00, 129.63it/s]
E3:  35%|███▌      | 4213/12000 [00:16<01:05, 119.44it/s]
E3:  35%|███▌      | 4228/12000 [00:17<01:01, 126.06it/s]
E3:  35%|███▌      | 4241/12000 [00:17<01:04, 119.91it/s]
E3:  35%|███▌      | 4254/12000 [00:17<01:04, 119.98it/s]
E3:  36%|███▌      | 4267/12000 [00:17<01:07, 115.18it/s]
E3:  36%|███▌      | 4279/12000 [00:17<01:09, 110.75it/s]
E3:  36%|███▌      | 4291/12000 [00:17<01:10, 109.09it/s]
E3:  36%|███▌      | 4302/12000 [00:17<01:10, 109.11it/s]
E3:  36%|███▌      | 4313/12000 [00:17<01:18, 98.38it/s] 
E3:  36%|███▌      | 4325/12000 [00:17<01:16, 100.01it/s]
E3:  36%|███▌      | 4337/12000 [00:18<01:14, 103.40it/s]
E3:  36%|███▌      | 4349/12000 [00:18<01:11, 107.01it/s]
E3:  36%|███▋      | 4360/12000 [00:18<01:24, 90.75it/s] 
E3:  36%|███▋      | 4370/12000 [00:18<01:24, 90.10it/s]
E3:  37%|███▋      | 4383/12000 [00:18<01:17, 98.66it/s]
E3:  37%|███▋      | 4394/12000 [00:18<01:17, 98.47it/s]
E3:  37%|███▋      | 4405/12000 [00:18<01:20, 93.88it/s]
E3:  37%|███▋      | 4415/12000 [00:18<01:24, 89.83it/s]
E3:  37%|███▋      | 4427/12000 [00:19<01:19, 95.55it/s]
E3:  37%|███▋      | 4437/12000 [00:19<01:21, 92.87it/s]
E3:  37%|███▋      | 4449/12000 [00:19<01:17, 97.69it/s]
E3:  37%|███▋      | 4459/12000 [00:19<01:26, 87.39it/s]
E3:  37%|███▋      | 4469/12000 [00:19<01:25, 88.25it/s]
E3:  37%|███▋      | 4481/12000 [00:19<01:18, 95.31it/s]
E3:  37%|███▋      | 4491/12000 [00:19<01:19, 94.18it/s]
E3:  38%|███▊      | 4534/12000 [00:19<00:41, 182.08it/s]
E3:  39%|███▊      | 4624/12000 [00:19<00:19, 374.36it/s]
E3:  39%|███▉      | 4685/12000 [00:20<00:16, 435.44it/s]
E3:  39%|███▉      | 4732/12000 [00:20<00:16, 434.52it/s]
E3:  40%|███▉      | 4777/12000 [00:20<00:16, 428.01it/s]
E3:  40%|████      | 4821/12000 [00:20<00:19, 373.74it/s]
E3:  40%|████      | 4860/12000 [00:20<00:21, 338.10it/s]
E3:  41%|████      | 4896/12000 [00:20<00:21, 337.06it/s]
E3:  41%|████      | 4931/12000 [00:20<00:23, 299.35it/s]
E3:  41%|████▏     | 4963/12000 [00:20<00:25, 275.05it/s]
E3:  42%|████▏     | 4992/12000 [00:21<00:26, 264.48it/s]
E3:  42%|████▏     | 5020/12000 [00:21<00:28, 249.12it/s]
E3:  42%|████▏     | 5046/12000 [00:21<00:28, 245.32it/s]
E3:  42%|████▏     | 5071/12000 [00:21<00:31, 223.21it/s]
E3:  42%|████▏     | 5095/12000 [00:21<00:30, 223.77it/s]
E3:  43%|████▎     | 5118/12000 [00:21<00:32, 212.52it/s]
E3:  43%|████▎     | 5140/12000 [00:21<00:32, 209.30it/s]
E3:  43%|████▎     | 5162/12000 [00:21<00:36, 189.09it/s]
E3:  43%|████▎     | 5183/12000 [00:22<00:35, 192.52it/s]
E3:  43%|████▎     | 5203/12000 [00:22<00:36, 187.63it/s]
E3:  44%|████▎     | 5222/12000 [00:22<00:37, 182.34it/s]
E3:  44%|████▎     | 5241/12000 [00:22<00:39, 172.82it/s]
E3:  44%|████▍     | 5259/12000 [00:22<00:43, 156.17it/s]
E3:  44%|████▍     | 5277/12000 [00:22<00:41, 160.46it/s]
E3:  44%|████▍     | 5296/12000 [00:22<00:40, 166.48it/s]
E3:  44%|████▍     | 5313/12000 [00:22<00:44, 151.74it/s]
E3:  44%|████▍     | 5330/12000 [00:23<00:43, 153.22it/s]
E3:  45%|████▍     | 5350/12000 [00:23<00:41, 161.73it/s]
E3:  45%|████▍     | 5367/12000 [00:23<00:47, 140.66it/s]
E3:  45%|████▍     | 5385/12000 [00:23<00:44, 147.76it/s]
E3:  45%|████▌     | 5402/12000 [00:23<00:44, 149.93it/s]
E3:  45%|████▌     | 5418/12000 [00:23<00:47, 137.24it/s]
E3:  45%|████▌     | 5433/12000 [00:23<00:46, 139.97it/s]
E3:  45%|████▌     | 5451/12000 [00:23<00:43, 150.39it/s]
E3:  46%|████▌     | 5467/12000 [00:24<00:49, 131.47it/s]
E3:  46%|████▌     | 5482/12000 [00:24<00:49, 132.21it/s]
E3:  46%|████▌     | 5499/12000 [00:24<00:47, 137.22it/s]
E3:  46%|████▌     | 5514/12000 [00:24<00:52, 122.41it/s]
E3:  46%|████▌     | 5528/12000 [00:24<00:52, 123.78it/s]
E3:  46%|████▌     | 5542/12000 [00:24<00:51, 124.96it/s]
E3:  46%|████▋     | 5555/12000 [00:24<00:53, 120.54it/s]
E3:  46%|████▋     | 5568/12000 [00:24<00:55, 116.52it/s]
E3:  46%|████▋     | 5580/12000 [00:24<00:54, 117.22it/s]
E3:  47%|████▋     | 5595/12000 [00:25<00:51, 123.71it/s]
E3:  47%|████▋     | 5608/12000 [00:25<00:57, 111.20it/s]
E3:  47%|████▋     | 5620/12000 [00:25<01:01, 104.42it/s]
E3:  47%|████▋     | 5632/12000 [00:25<00:59, 107.16it/s]
E3:  47%|████▋     | 5648/12000 [00:25<00:54, 117.50it/s]
E3:  47%|████▋     | 5660/12000 [00:25<00:58, 107.84it/s]
E3:  47%|████▋     | 5672/12000 [00:25<01:01, 103.66it/s]
E3:  47%|████▋     | 5687/12000 [00:25<00:56, 112.07it/s]
E3:  48%|████▊     | 5701/12000 [00:26<00:53, 116.76it/s]
E3:  48%|████▊     | 5713/12000 [00:26<01:01, 102.27it/s]
E3:  48%|████▊     | 5724/12000 [00:26<01:01, 101.98it/s]
E3:  48%|████▊     | 5737/12000 [00:26<00:59, 105.89it/s]
E3:  48%|████▊     | 5751/12000 [00:26<00:56, 110.36it/s]
E3:  48%|████▊     | 5763/12000 [00:26<01:04, 96.31it/s] 
E3:  48%|████▊     | 5774/12000 [00:26<01:03, 97.52it/s]
E3:  48%|████▊     | 5785/12000 [00:26<01:02, 100.10it/s]
E3:  48%|████▊     | 5796/12000 [00:27<01:01, 100.55it/s]
E3:  48%|████▊     | 5807/12000 [00:27<01:08, 90.54it/s] 
E3:  48%|████▊     | 5817/12000 [00:27<01:09, 89.28it/s]
E3:  49%|████▊     | 5827/12000 [00:27<01:07, 91.02it/s]
E3:  49%|████▊     | 5838/12000 [00:27<01:05, 94.70it/s]
E3:  49%|████▉     | 5851/12000 [00:27<01:02, 98.53it/s]
E3:  49%|████▉     | 5861/12000 [00:27<01:09, 88.75it/s]
E3:  49%|████▉     | 5871/12000 [00:27<01:09, 87.67it/s]
E3:  49%|████▉     | 5883/12000 [00:27<01:05, 93.41it/s]
E3:  49%|████▉     | 5893/12000 [00:28<01:05, 92.76it/s]
E3:  49%|████▉     | 5903/12000 [00:28<01:08, 89.50it/s]
E3:  49%|████▉     | 5913/12000 [00:28<01:11, 85.61it/s]
E3:  49%|████▉     | 5922/12000 [00:28<01:18, 76.96it/s]
E3:  49%|████▉     | 5933/12000 [00:28<01:11, 84.45it/s]
E3:  50%|████▉     | 5942/12000 [00:28<01:11, 84.22it/s]
E3:  50%|████▉     | 5951/12000 [00:28<01:11, 84.98it/s]
E3:  50%|████▉     | 5960/12000 [00:28<01:14, 81.41it/s]
E3:  50%|████▉     | 5969/12000 [00:29<01:14, 80.46it/s]
E3:  50%|████▉     | 5978/12000 [00:29<01:14, 81.38it/s]
E3:  50%|████▉     | 5987/12000 [00:29<01:13, 81.81it/s]
E3:  50%|█████     | 6000/12000 [00:29<01:06, 90.44it/s]
E3:  51%|█████     | 6091/12000 [00:29<00:18, 313.74it/s]
E3:  51%|█████▏    | 6156/12000 [00:29<00:14, 392.35it/s]
E3:  52%|█████▏    | 6201/12000 [00:29<00:14, 406.70it/s]
E3:  52%|█████▏    | 6245/12000 [00:29<00:14, 405.01it/s]
E3:  52%|█████▏    | 6287/12000 [00:29<00:14, 399.67it/s]
E3:  53%|█████▎    | 6328/12000 [00:30<00:15, 368.52it/s]
E3:  53%|█████▎    | 6366/12000 [00:30<00:16, 334.93it/s]
E3:  53%|█████▎    | 6401/12000 [00:30<00:17, 323.22it/s]
E3:  54%|█████▎    | 6434/12000 [00:30<00:20, 268.51it/s]
E3:  54%|█████▍    | 6463/12000 [00:30<00:21, 255.44it/s]
E3:  54%|█████▍    | 6490/12000 [00:30<00:22, 245.80it/s]
E3:  54%|█████▍    | 6516/12000 [00:30<00:24, 222.02it/s]
E3:  55%|█████▍    | 6541/12000 [00:30<00:24, 223.75it/s]
E3:  55%|█████▍    | 6564/12000 [00:31<00:26, 202.96it/s]
E3:  55%|█████▍    | 6585/12000 [00:31<00:27, 193.42it/s]
E3:  55%|█████▌    | 6605/12000 [00:31<00:28, 192.28it/s]
E3:  55%|█████▌    | 6625/12000 [00:31<00:29, 183.71it/s]
E3:  55%|█████▌    | 6644/12000 [00:31<00:28, 185.02it/s]
E3:  56%|█████▌    | 6663/12000 [00:31<00:30, 174.56it/s]
E3:  56%|█████▌    | 6681/12000 [00:31<00:30, 175.37it/s]
E3:  56%|█████▌    | 6699/12000 [00:31<00:31, 170.02it/s]
E3:  56%|█████▌    | 6717/12000 [00:32<00:34, 151.44it/s]
E3:  56%|█████▌    | 6734/12000 [00:32<00:34, 154.31it/s]
E3:  56%|█████▋    | 6751/12000 [00:32<00:33, 155.40it/s]
E3:  56%|█████▋    | 6767/12000 [00:32<00:36, 142.68it/s]
E3:  57%|█████▋    | 6784/12000 [00:32<00:35, 145.00it/s]
E3:  57%|█████▋    | 6800/12000 [00:32<00:35, 146.88it/s]
E3:  57%|█████▋    | 6815/12000 [00:32<00:40, 128.03it/s]
E3:  57%|█████▋    | 6832/12000 [00:32<00:37, 137.18it/s]
E3:  57%|█████▋    | 6848/12000 [00:33<00:36, 139.90it/s]
E3:  57%|█████▋    | 6863/12000 [00:33<00:40, 126.19it/s]
E3:  57%|█████▋    | 6877/12000 [00:33<00:41, 124.31it/s]
E3:  57%|█████▋    | 6891/12000 [00:33<00:39, 128.32it/s]
E3:  58%|█████▊    | 6905/12000 [00:33<00:42, 119.50it/s]
E3:  58%|█████▊    | 6918/12000 [00:33<00:44, 113.16it/s]
E3:  58%|█████▊    | 6933/12000 [00:33<00:42, 119.82it/s]
E3:  58%|█████▊    | 6948/12000 [00:33<00:40, 123.84it/s]
E3:  58%|█████▊    | 6961/12000 [00:34<00:43, 115.48it/s]
E3:  58%|█████▊    | 6973/12000 [00:34<00:45, 109.73it/s]
E3:  58%|█████▊    | 6986/12000 [00:34<00:43, 114.95it/s]
E3:  58%|█████▊    | 6998/12000 [00:34<00:43, 116.19it/s]
E3:  58%|█████▊    | 7010/12000 [00:34<00:47, 105.30it/s]
E3:  59%|█████▊    | 7021/12000 [00:34<00:49, 101.02it/s]
E3:  59%|█████▊    | 7033/12000 [00:34<00:47, 103.62it/s]
E3:  59%|█████▊    | 7047/12000 [00:34<00:44, 110.08it/s]
E3:  59%|█████▉    | 7059/12000 [00:34<00:48, 101.75it/s]
E3:  59%|█████▉    | 7070/12000 [00:35<00:47, 103.09it/s]
E3:  59%|█████▉    | 7081/12000 [00:35<00:49, 99.99it/s] 
E3:  59%|█████▉    | 7093/12000 [00:35<00:47, 103.24it/s]
E3:  59%|█████▉    | 7104/12000 [00:35<00:46, 104.24it/s]
E3:  59%|█████▉    | 7115/12000 [00:35<00:56, 86.51it/s] 
E3:  59%|█████▉    | 7128/12000 [00:35<00:50, 95.69it/s]
E3:  59%|█████▉    | 7139/12000 [00:35<00:50, 96.93it/s]
E3:  60%|█████▉    | 7150/12000 [00:35<00:49, 98.59it/s]
E3:  60%|█████▉    | 7161/12000 [00:36<00:52, 92.94it/s]
E3:  60%|█████▉    | 7171/12000 [00:36<00:52, 92.51it/s]
E3:  60%|█████▉    | 7183/12000 [00:36<00:48, 98.71it/s]
E3:  60%|█████▉    | 7194/12000 [00:36<00:54, 88.86it/s]
E3:  60%|██████    | 7204/12000 [00:36<00:56, 84.30it/s]
E3:  60%|██████    | 7214/12000 [00:36<00:56, 84.21it/s]
E3:  60%|██████    | 7224/12000 [00:36<00:54, 86.89it/s]
E3:  60%|██████    | 7236/12000 [00:36<00:53, 89.85it/s]
E3:  60%|██████    | 7246/12000 [00:36<00:51, 92.00it/s]
E3:  60%|██████    | 7256/12000 [00:37<00:54, 87.16it/s]
E3:  61%|██████    | 7265/12000 [00:37<01:00, 78.90it/s]
E3:  61%|██████    | 7274/12000 [00:37<00:59, 79.08it/s]
E3:  61%|██████    | 7285/12000 [00:37<00:55, 85.63it/s]
E3:  61%|██████    | 7294/12000 [00:37<00:56, 83.85it/s]
E3:  61%|██████    | 7303/12000 [00:37<00:59, 79.50it/s]
E3:  61%|██████    | 7312/12000 [00:37<00:59, 78.81it/s]
E3:  61%|██████    | 7323/12000 [00:37<00:55, 84.42it/s]
E3:  61%|██████    | 7332/12000 [00:38<00:54, 85.73it/s]
E3:  61%|██████    | 7343/12000 [00:38<00:54, 84.73it/s]
E3:  61%|██████▏   | 7352/12000 [00:38<00:58, 80.12it/s]
E3:  61%|██████▏   | 7361/12000 [00:38<01:04, 72.04it/s]
E3:  61%|██████▏   | 7372/12000 [00:38<00:59, 78.25it/s]
E3:  62%|██████▏   | 7382/12000 [00:38<00:56, 82.21it/s]
E3:  62%|██████▏   | 7391/12000 [00:38<00:56, 81.59it/s]
E3:  62%|██████▏   | 7400/12000 [00:38<00:58, 79.15it/s]
E3:  62%|██████▏   | 7409/12000 [00:39<01:06, 69.14it/s]
E3:  62%|██████▏   | 7417/12000 [00:39<01:08, 66.69it/s]
E3:  62%|██████▏   | 7426/12000 [00:39<01:05, 70.19it/s]
E3:  62%|██████▏   | 7435/12000 [00:39<01:02, 73.52it/s]
E3:  62%|██████▏   | 7443/12000 [00:39<01:01, 74.13it/s]
E3:  62%|██████▏   | 7452/12000 [00:39<00:59, 76.66it/s]
E3:  62%|██████▏   | 7460/12000 [00:39<01:04, 70.50it/s]
E3:  62%|██████▏   | 7468/12000 [00:39<01:06, 68.31it/s]
E3:  62%|██████▏   | 7478/12000 [00:40<01:01, 73.60it/s]
E3:  62%|██████▏   | 7488/12000 [00:40<00:57, 78.80it/s]
E3:  62%|██████▏   | 7497/12000 [00:40<00:55, 80.72it/s]
E3:  63%|██████▎   | 7576/12000 [00:40<00:16, 269.66it/s]
E3:  64%|██████▎   | 7640/12000 [00:40<00:11, 365.24it/s]
E3:  64%|██████▍   | 7681/12000 [00:40<00:11, 375.17it/s]
E3:  64%|██████▍   | 7721/12000 [00:40<00:11, 380.10it/s]
E3:  65%|██████▍   | 7760/12000 [00:40<00:11, 367.02it/s]
E3:  65%|██████▍   | 7798/12000 [00:40<00:11, 356.04it/s]
E3:  65%|██████▌   | 7834/12000 [00:41<00:13, 315.21it/s]
E3:  66%|██████▌   | 7867/12000 [00:41<00:13, 300.47it/s]
E3:  66%|██████▌   | 7898/12000 [00:41<00:14, 286.70it/s]
E3:  66%|██████▌   | 7928/12000 [00:41<00:16, 248.16it/s]
E3:  66%|██████▋   | 7954/12000 [00:41<00:16, 243.18it/s]
E3:  66%|██████▋   | 7979/12000 [00:41<00:18, 220.36it/s]
E3:  67%|██████▋   | 8002/12000 [00:41<00:18, 217.68it/s]
E3:  67%|██████▋   | 8025/12000 [00:41<00:20, 193.99it/s]
E3:  67%|██████▋   | 8045/12000 [00:42<00:20, 190.36it/s]
E3:  67%|██████▋   | 8065/12000 [00:42<00:23, 164.40it/s]
E3:  67%|██████▋   | 8084/12000 [00:42<00:23, 169.22it/s]
E3:  68%|██████▊   | 8102/12000 [00:42<00:23, 164.40it/s]
E3:  68%|██████▊   | 8119/12000 [00:42<00:25, 152.31it/s]
E3:  68%|██████▊   | 8136/12000 [00:42<00:25, 152.70it/s]
E3:  68%|██████▊   | 8153/12000 [00:42<00:25, 151.82it/s]
E3:  68%|██████▊   | 8169/12000 [00:42<00:26, 145.02it/s]
E3:  68%|██████▊   | 8186/12000 [00:43<00:26, 143.29it/s]
E3:  68%|██████▊   | 8202/12000 [00:43<00:26, 145.78it/s]
E3:  68%|██████▊   | 8217/12000 [00:43<00:29, 130.35it/s]
E3:  69%|██████▊   | 8235/12000 [00:43<00:27, 139.11it/s]
E3:  69%|██████▉   | 8250/12000 [00:43<00:26, 139.88it/s]
E3:  69%|██████▉   | 8265/12000 [00:43<00:30, 123.32it/s]
E3:  69%|██████▉   | 8279/12000 [00:43<00:29, 125.30it/s]
E3:  69%|██████▉   | 8294/12000 [00:43<00:28, 131.43it/s]
E3:  69%|██████▉   | 8308/12000 [00:44<00:30, 119.70it/s]
E3:  69%|██████▉   | 8321/12000 [00:44<00:31, 115.84it/s]
E3:  69%|██████▉   | 8338/12000 [00:44<00:29, 125.01it/s]
E3:  70%|██████▉   | 8352/12000 [00:44<00:28, 127.92it/s]
E3:  70%|██████▉   | 8365/12000 [00:44<00:33, 107.47it/s]
E3:  70%|██████▉   | 8377/12000 [00:44<00:33, 109.59it/s]
E3:  70%|██████▉   | 8389/12000 [00:44<00:32, 111.23it/s]
E3:  70%|███████   | 8402/12000 [00:44<00:32, 111.80it/s]
E3:  70%|███████   | 8414/12000 [00:45<00:36, 98.69it/s] 
E3:  70%|███████   | 8425/12000 [00:45<00:37, 94.87it/s]
E3:  70%|███████   | 8437/12000 [00:45<00:35, 100.17it/s]
E3:  70%|███████   | 8451/12000 [00:45<00:32, 108.28it/s]
E3:  71%|███████   | 8463/12000 [00:45<00:38, 91.43it/s] 
E3:  71%|███████   | 8473/12000 [00:45<00:38, 91.70it/s]
E3:  71%|███████   | 8486/12000 [00:45<00:35, 99.42it/s]
E3:  71%|███████   | 8497/12000 [00:45<00:35, 99.71it/s]
E3:  71%|███████   | 8508/12000 [00:46<00:39, 87.50it/s]
E3:  71%|███████   | 8518/12000 [00:46<00:42, 82.39it/s]
E3:  71%|███████   | 8530/12000 [00:46<00:38, 89.73it/s]
E3:  71%|███████   | 8542/12000 [00:46<00:35, 96.54it/s]
E3:  71%|███████▏  | 8553/12000 [00:46<00:35, 95.95it/s]
E3:  71%|███████▏  | 8563/12000 [00:46<00:40, 84.92it/s]
E3:  71%|███████▏  | 8572/12000 [00:46<00:41, 83.44it/s]
E3:  72%|███████▏  | 8583/12000 [00:46<00:37, 89.94it/s]
E3:  72%|███████▏  | 8593/12000 [00:47<00:37, 91.87it/s]
E3:  72%|███████▏  | 8603/12000 [00:47<00:38, 88.09it/s]
E3:  72%|███████▏  | 8612/12000 [00:47<00:42, 79.80it/s]
E3:  72%|███████▏  | 8621/12000 [00:47<00:42, 79.89it/s]
E3:  72%|███████▏  | 8631/12000 [00:47<00:40, 83.82it/s]
E3:  72%|███████▏  | 8640/12000 [00:47<00:41, 80.89it/s]
E3:  72%|███████▏  | 8650/12000 [00:47<00:39, 84.62it/s]
E3:  72%|███████▏  | 8659/12000 [00:47<00:45, 73.91it/s]
E3:  72%|███████▏  | 8667/12000 [00:47<00:47, 70.88it/s]
E3:  72%|███████▏  | 8675/12000 [00:48<00:46, 71.35it/s]
E3:  72%|███████▏  | 8685/12000 [00:48<00:43, 76.49it/s]
E3:  72%|███████▏  | 8695/12000 [00:48<00:40, 81.16it/s]
E3:  73%|███████▎  | 8704/12000 [00:48<00:41, 78.53it/s]
E3:  73%|███████▎  | 8712/12000 [00:48<00:43, 76.08it/s]
E3:  73%|███████▎  | 8720/12000 [00:48<00:45, 72.28it/s]
E3:  73%|███████▎  | 8728/12000 [00:48<00:44, 72.80it/s]
E3:  73%|███████▎  | 8737/12000 [00:48<00:42, 76.13it/s]
E3:  73%|███████▎  | 8748/12000 [00:49<00:38, 83.72it/s]
E3:  73%|███████▎  | 8757/12000 [00:49<00:47, 67.71it/s]
E3:  73%|███████▎  | 8765/12000 [00:49<00:46, 69.88it/s]
E3:  73%|███████▎  | 8773/12000 [00:49<00:47, 68.35it/s]
E3:  73%|███████▎  | 8781/12000 [00:49<00:46, 69.61it/s]
E3:  73%|███████▎  | 8790/12000 [00:49<00:43, 73.39it/s]
E3:  73%|███████▎  | 8800/12000 [00:49<00:40, 78.07it/s]
E3:  73%|███████▎  | 8808/12000 [00:49<00:48, 65.22it/s]
E3:  73%|███████▎  | 8816/12000 [00:50<00:48, 65.47it/s]
E3:  74%|███████▎  | 8825/12000 [00:50<00:45, 70.51it/s]
E3:  74%|███████▎  | 8834/12000 [00:50<00:43, 73.31it/s]
E3:  74%|███████▎  | 8843/12000 [00:50<00:41, 76.03it/s]
E3:  74%|███████▍  | 8852/12000 [00:50<00:40, 76.87it/s]
E3:  74%|███████▍  | 8860/12000 [00:50<00:49, 63.08it/s]
E3:  74%|███████▍  | 8867/12000 [00:50<00:49, 63.53it/s]
E3:  74%|███████▍  | 8875/12000 [00:50<00:46, 67.03it/s]
E3:  74%|███████▍  | 8883/12000 [00:51<00:45, 68.41it/s]
E3:  74%|███████▍  | 8891/12000 [00:51<00:43, 71.39it/s]
E3:  74%|███████▍  | 8899/12000 [00:51<00:43, 71.46it/s]
E3:  74%|███████▍  | 8907/12000 [00:51<00:52, 58.45it/s]
E3:  74%|███████▍  | 8914/12000 [00:51<00:52, 58.57it/s]
E3:  74%|███████▍  | 8921/12000 [00:51<00:52, 58.14it/s]
E3:  74%|███████▍  | 8930/12000 [00:51<00:48, 63.10it/s]
E3:  74%|███████▍  | 8938/12000 [00:51<00:49, 62.19it/s]
E3:  75%|███████▍  | 8948/12000 [00:52<00:43, 69.55it/s]
E3:  75%|███████▍  | 8956/12000 [00:52<00:51, 58.99it/s]
E3:  75%|███████▍  | 8963/12000 [00:52<00:52, 58.02it/s]
E3:  75%|███████▍  | 8970/12000 [00:52<00:55, 54.61it/s]
E3:  75%|███████▍  | 8978/12000 [00:52<00:51, 59.06it/s]
E3:  75%|███████▍  | 8985/12000 [00:52<00:53, 56.76it/s]
E3:  75%|███████▍  | 8991/12000 [00:52<00:54, 55.46it/s]
E3:  75%|███████▍  | 8997/12000 [00:52<00:53, 56.55it/s]
E3:  75%|███████▌  | 9056/12000 [00:53<00:15, 193.32it/s]
E3:  76%|███████▌  | 9119/12000 [00:53<00:09, 308.74it/s]
E3:  76%|███████▋  | 9165/12000 [00:53<00:08, 349.88it/s]
E3:  77%|███████▋  | 9210/12000 [00:53<00:07, 363.14it/s]
E3:  77%|███████▋  | 9248/12000 [00:53<00:07, 356.92it/s]
E3:  77%|███████▋  | 9285/12000 [00:53<00:08, 313.02it/s]
E3:  78%|███████▊  | 9318/12000 [00:53<00:09, 285.72it/s]
E3:  78%|███████▊  | 9348/12000 [00:53<00:09, 278.10it/s]
E3:  78%|███████▊  | 9377/12000 [00:54<00:11, 227.53it/s]
E3:  78%|███████▊  | 9402/12000 [00:54<00:11, 219.88it/s]
E3:  79%|███████▊  | 9426/12000 [00:54<00:13, 192.31it/s]
E3:  79%|███████▊  | 9447/12000 [00:54<00:13, 188.66it/s]
E3:  79%|███████▉  | 9467/12000 [00:54<00:14, 173.98it/s]
E3:  79%|███████▉  | 9485/12000 [00:54<00:14, 172.62it/s]
E3:  79%|███████▉  | 9503/12000 [00:54<00:14, 170.78it/s]
E3:  79%|███████▉  | 9521/12000 [00:54<00:15, 162.95it/s]
E3:  79%|███████▉  | 9538/12000 [00:55<00:15, 160.22it/s]
E3:  80%|███████▉  | 9555/12000 [00:55<00:15, 158.32it/s]
E3:  80%|███████▉  | 9571/12000 [00:55<00:16, 146.36it/s]
E3:  80%|███████▉  | 9588/12000 [00:55<00:16, 148.83it/s]
E3:  80%|████████  | 9604/12000 [00:55<00:16, 143.68it/s]
E3:  80%|████████  | 9619/12000 [00:55<00:17, 138.02it/s]
E3:  80%|████████  | 9634/12000 [00:55<00:17, 138.85it/s]
E3:  80%|████████  | 9651/12000 [00:55<00:16, 142.17it/s]
E3:  81%|████████  | 9666/12000 [00:56<00:20, 113.83it/s]
E3:  81%|████████  | 9684/12000 [00:56<00:18, 126.73it/s]
E3:  81%|████████  | 9700/12000 [00:56<00:17, 130.97it/s]
E3:  81%|████████  | 9714/12000 [00:56<00:19, 115.29it/s]
E3:  81%|████████  | 9727/12000 [00:56<00:19, 118.66it/s]
E3:  81%|████████  | 9741/12000 [00:56<00:18, 122.87it/s]
E3:  81%|████████▏ | 9754/12000 [00:56<00:19, 114.93it/s]
E3:  81%|████████▏ | 9766/12000 [00:56<00:21, 103.19it/s]
E3:  81%|████████▏ | 9779/12000 [00:57<00:20, 108.23it/s]
E3:  82%|████████▏ | 9792/12000 [00:57<00:19, 113.23it/s]
E3:  82%|████████▏ | 9804/12000 [00:57<00:20, 105.00it/s]
E3:  82%|████████▏ | 9815/12000 [00:57<00:21, 99.97it/s] 
E3:  82%|████████▏ | 9826/12000 [00:57<00:21, 100.49it/s]
E3:  82%|████████▏ | 9837/12000 [00:57<00:22, 94.89it/s] 
E3:  82%|████████▏ | 9850/12000 [00:57<00:21, 102.16it/s]
E3:  82%|████████▏ | 9861/12000 [00:57<00:24, 87.59it/s] 
E3:  82%|████████▏ | 9872/12000 [00:58<00:23, 92.37it/s]
E3:  82%|████████▏ | 9884/12000 [00:58<00:21, 97.84it/s]
E3:  82%|████████▏ | 9895/12000 [00:58<00:21, 99.62it/s]
E3:  83%|████████▎ | 9906/12000 [00:58<00:22, 93.34it/s]
E3:  83%|████████▎ | 9916/12000 [00:58<00:23, 89.70it/s]
E3:  83%|████████▎ | 9926/12000 [00:58<00:24, 85.42it/s]
E3:  83%|████████▎ | 9936/12000 [00:58<00:23, 87.34it/s]
E3:  83%|████████▎ | 9948/12000 [00:58<00:21, 95.31it/s]
E3:  83%|████████▎ | 9958/12000 [00:59<00:23, 85.20it/s]
E3:  83%|████████▎ | 9967/12000 [00:59<00:24, 83.75it/s]
E3:  83%|████████▎ | 9979/12000 [00:59<00:23, 86.36it/s]
E3:  83%|████████▎ | 9990/12000 [00:59<00:21, 91.71it/s]
E3:  83%|████████▎ | 10001/12000 [00:59<00:21, 92.98it/s]
E3:  83%|████████▎ | 10011/12000 [00:59<00:23, 85.64it/s]
E3:  84%|████████▎ | 10020/12000 [00:59<00:23, 85.91it/s]
E3:  84%|████████▎ | 10030/12000 [00:59<00:22, 86.45it/s]
E3:  84%|████████▎ | 10039/12000 [00:59<00:22, 86.23it/s]
E3:  84%|████████▎ | 10049/12000 [01:00<00:21, 89.34it/s]
E3:  84%|████████▍ | 10058/12000 [01:00<00:24, 78.18it/s]
E3:  84%|████████▍ | 10067/12000 [01:00<00:25, 75.49it/s]
E3:  84%|████████▍ | 10077/12000 [01:00<00:23, 80.37it/s]
E3:  84%|████████▍ | 10086/12000 [01:00<00:23, 80.78it/s]
E3:  84%|████████▍ | 10095/12000 [01:00<00:24, 76.45it/s]
E3:  84%|████████▍ | 10103/12000 [01:00<00:25, 75.32it/s]
E3:  84%|████████▍ | 10111/12000 [01:00<00:26, 71.05it/s]
E3:  84%|████████▍ | 10119/12000 [01:01<00:26, 70.54it/s]
E3:  84%|████████▍ | 10129/12000 [01:01<00:24, 75.73it/s]
E3:  84%|████████▍ | 10137/12000 [01:01<00:24, 76.69it/s]
E3:  85%|████████▍ | 10146/12000 [01:01<00:23, 80.25it/s]
E3:  85%|████████▍ | 10155/12000 [01:01<00:24, 74.37it/s]
E3:  85%|████████▍ | 10163/12000 [01:01<00:27, 67.86it/s]
E3:  85%|████████▍ | 10171/12000 [01:01<00:26, 69.50it/s]
E3:  85%|████████▍ | 10181/12000 [01:01<00:24, 73.64it/s]
E3:  85%|████████▍ | 10189/12000 [01:01<00:24, 74.91it/s]
E3:  85%|████████▍ | 10197/12000 [01:02<00:24, 72.82it/s]
E3:  85%|████████▌ | 10205/12000 [01:02<00:26, 68.51it/s]
E3:  85%|████████▌ | 10212/12000 [01:02<00:27, 63.91it/s]
E3:  85%|████████▌ | 10219/12000 [01:02<00:28, 62.69it/s]
E3:  85%|████████▌ | 10227/12000 [01:02<00:27, 64.34it/s]
E3:  85%|████████▌ | 10235/12000 [01:02<00:26, 67.73it/s]
E3:  85%|████████▌ | 10242/12000 [01:02<00:25, 67.81it/s]
E3:  85%|████████▌ | 10251/12000 [01:02<00:25, 69.00it/s]
E3:  85%|████████▌ | 10258/12000 [01:03<00:25, 67.77it/s]
E3:  86%|████████▌ | 10265/12000 [01:03<00:29, 58.25it/s]
E3:  86%|████████▌ | 10273/12000 [01:03<00:27, 62.62it/s]
E3:  86%|████████▌ | 10281/12000 [01:03<00:26, 63.96it/s]
E3:  86%|████████▌ | 10289/12000 [01:03<00:25, 66.59it/s]
E3:  86%|████████▌ | 10297/12000 [01:03<00:24, 68.78it/s]
E3:  86%|████████▌ | 10304/12000 [01:03<00:26, 64.78it/s]
E3:  86%|████████▌ | 10311/12000 [01:03<00:26, 63.86it/s]
E3:  86%|████████▌ | 10318/12000 [01:03<00:27, 61.40it/s]
E3:  86%|████████▌ | 10326/12000 [01:04<00:25, 65.66it/s]
E3:  86%|████████▌ | 10333/12000 [01:04<00:25, 66.30it/s]
E3:  86%|████████▌ | 10340/12000 [01:04<00:24, 67.22it/s]
E3:  86%|████████▌ | 10348/12000 [01:04<00:24, 67.67it/s]
E3:  86%|████████▋ | 10355/12000 [01:04<00:27, 59.76it/s]
E3:  86%|████████▋ | 10362/12000 [01:04<00:27, 58.85it/s]
E3:  86%|████████▋ | 10369/12000 [01:04<00:28, 56.69it/s]
E3:  86%|████████▋ | 10378/12000 [01:04<00:25, 62.86it/s]
E3:  87%|████████▋ | 10386/12000 [01:05<00:25, 63.69it/s]
E3:  87%|████████▋ | 10393/12000 [01:05<00:25, 62.63it/s]
E3:  87%|████████▋ | 10401/12000 [01:05<00:24, 64.37it/s]
E3:  87%|████████▋ | 10408/12000 [01:05<00:30, 51.53it/s]
E3:  87%|████████▋ | 10414/12000 [01:05<00:29, 53.11it/s]
E3:  87%|████████▋ | 10423/12000 [01:05<00:26, 60.32it/s]
E3:  87%|████████▋ | 10430/12000 [01:05<00:26, 60.02it/s]
E3:  87%|████████▋ | 10437/12000 [01:05<00:25, 61.95it/s]
E3:  87%|████████▋ | 10444/12000 [01:06<00:25, 61.34it/s]
E3:  87%|████████▋ | 10451/12000 [01:06<00:25, 60.57it/s]
E3:  87%|████████▋ | 10458/12000 [01:06<00:29, 52.12it/s]
E3:  87%|████████▋ | 10464/12000 [01:06<00:29, 51.27it/s]
E3:  87%|████████▋ | 10470/12000 [01:06<00:28, 52.85it/s]
E3:  87%|████████▋ | 10478/12000 [01:06<00:26, 57.45it/s]
E3:  87%|████████▋ | 10486/12000 [01:06<00:25, 59.69it/s]
E3:  87%|████████▋ | 10494/12000 [01:06<00:23, 64.54it/s]
E3:  88%|████████▊ | 10517/12000 [01:07<00:14, 105.37it/s]
E3:  88%|████████▊ | 10593/12000 [01:07<00:05, 280.87it/s]
E3:  89%|████████▊ | 10647/12000 [01:07<00:03, 345.11it/s]
E3:  89%|████████▉ | 10683/12000 [01:07<00:03, 333.99it/s]
E3:  89%|████████▉ | 10718/12000 [01:07<00:03, 323.08it/s]
E3:  90%|████████▉ | 10752/12000 [01:07<00:03, 326.48it/s]
E3:  90%|████████▉ | 10786/12000 [01:07<00:04, 298.05it/s]
E3:  90%|█████████ | 10817/12000 [01:07<00:04, 277.31it/s]
E3:  90%|█████████ | 10846/12000 [01:07<00:04, 269.01it/s]
E3:  91%|█████████ | 10874/12000 [01:08<00:04, 227.21it/s]
E3:  91%|█████████ | 10898/12000 [01:08<00:04, 227.61it/s]
E3:  91%|█████████ | 10922/12000 [01:08<00:05, 203.46it/s]
E3:  91%|█████████ | 10944/12000 [01:08<00:05, 205.73it/s]
E3:  91%|█████████▏| 10966/12000 [01:08<00:05, 183.00it/s]
E3:  92%|█████████▏| 10986/12000 [01:08<00:05, 176.40it/s]
E3:  92%|█████████▏| 11005/12000 [01:08<00:06, 162.54it/s]
E3:  92%|█████████▏| 11022/12000 [01:09<00:06, 154.06it/s]
E3:  92%|█████████▏| 11038/12000 [01:09<00:06, 151.29it/s]
E3:  92%|█████████▏| 11054/12000 [01:09<00:06, 144.87it/s]
E3:  92%|█████████▏| 11069/12000 [01:09<00:06, 136.40it/s]
E3:  92%|█████████▏| 11083/12000 [01:09<00:06, 134.51it/s]
E3:  92%|█████████▏| 11097/12000 [01:09<00:06, 135.27it/s]
E3:  93%|█████████▎| 11111/12000 [01:09<00:07, 126.76it/s]
E3:  93%|█████████▎| 11124/12000 [01:09<00:07, 115.81it/s]
E3:  93%|█████████▎| 11137/12000 [01:10<00:07, 118.83it/s]
E3:  93%|█████████▎| 11151/12000 [01:10<00:06, 122.99it/s]
E3:  93%|█████████▎| 11164/12000 [01:10<00:07, 110.33it/s]
E3:  93%|█████████▎| 11176/12000 [01:10<00:07, 106.07it/s]
E3:  93%|█████████▎| 11189/12000 [01:10<00:07, 110.25it/s]
E3:  93%|█████████▎| 11202/12000 [01:10<00:07, 113.10it/s]
E3:  93%|█████████▎| 11214/12000 [01:10<00:07, 108.18it/s]
E3:  94%|█████████▎| 11225/12000 [01:10<00:07, 105.39it/s]
E3:  94%|█████████▎| 11237/12000 [01:10<00:07, 103.60it/s]
E3:  94%|█████████▍| 11250/12000 [01:11<00:06, 110.05it/s]
E3:  94%|█████████▍| 11262/12000 [01:11<00:07, 97.53it/s] 
E3:  94%|█████████▍| 11273/12000 [01:11<00:07, 91.90it/s]
E3:  94%|█████████▍| 11284/12000 [01:11<00:07, 95.13it/s]
E3:  94%|█████████▍| 11297/12000 [01:11<00:06, 103.14it/s]
E3:  94%|█████████▍| 11308/12000 [01:11<00:07, 93.63it/s] 
E3:  94%|█████████▍| 11318/12000 [01:11<00:07, 87.80it/s]
E3:  94%|█████████▍| 11328/12000 [01:11<00:07, 88.59it/s]
E3:  94%|█████████▍| 11338/12000 [01:12<00:07, 89.42it/s]
E3:  95%|█████████▍| 11348/12000 [01:12<00:07, 92.15it/s]
E3:  95%|█████████▍| 11358/12000 [01:12<00:07, 88.27it/s]
E3:  95%|█████████▍| 11367/12000 [01:12<00:07, 79.14it/s]
E3:  95%|█████████▍| 11376/12000 [01:12<00:07, 79.76it/s]
E3:  95%|█████████▍| 11387/12000 [01:12<00:07, 85.59it/s]
E3:  95%|█████████▍| 11397/12000 [01:12<00:06, 89.38it/s]
E3:  95%|█████████▌| 11407/12000 [01:12<00:06, 87.17it/s]
E3:  95%|█████████▌| 11416/12000 [01:13<00:07, 76.38it/s]
E3:  95%|█████████▌| 11425/12000 [01:13<00:07, 78.06it/s]
E3:  95%|█████████▌| 11436/12000 [01:13<00:06, 82.71it/s]
E3:  95%|█████████▌| 11446/12000 [01:13<00:06, 85.49it/s]
E3:  95%|█████████▌| 11455/12000 [01:13<00:07, 77.80it/s]
E3:  96%|█████████▌| 11463/12000 [01:13<00:07, 71.50it/s]
E3:  96%|█████████▌| 11473/12000 [01:13<00:06, 76.51it/s]
E3:  96%|█████████▌| 11482/12000 [01:13<00:06, 79.75it/s]
E3:  96%|█████████▌| 11491/12000 [01:13<00:06, 81.00it/s]
E3:  96%|█████████▌| 11501/12000 [01:14<00:06, 81.26it/s]
E3:  96%|█████████▌| 11510/12000 [01:14<00:07, 68.98it/s]
E3:  96%|█████████▌| 11518/12000 [01:14<00:07, 67.15it/s]
E3:  96%|█████████▌| 11528/12000 [01:14<00:06, 75.00it/s]
E3:  96%|█████████▌| 11537/12000 [01:14<00:05, 78.21it/s]
E3:  96%|█████████▌| 11547/12000 [01:14<00:05, 83.15it/s]
E3:  96%|█████████▋| 11556/12000 [01:14<00:06, 70.26it/s]
E3:  96%|█████████▋| 11564/12000 [01:15<00:06, 63.69it/s]
E3:  96%|█████████▋| 11572/12000 [01:15<00:06, 67.15it/s]
E3:  97%|█████████▋| 11582/12000 [01:15<00:05, 73.93it/s]
E3:  97%|█████████▋| 11591/12000 [01:15<00:05, 75.08it/s]
E3:  97%|█████████▋| 11601/12000 [01:15<00:05, 76.19it/s]
E3:  97%|█████████▋| 11609/12000 [01:15<00:06, 62.94it/s]
E3:  97%|█████████▋| 11616/12000 [01:15<00:06, 62.77it/s]
E3:  97%|█████████▋| 11625/12000 [01:15<00:05, 68.90it/s]
E3:  97%|█████████▋| 11634/12000 [01:15<00:04, 74.20it/s]
E3:  97%|█████████▋| 11643/12000 [01:16<00:04, 76.56it/s]
E3:  97%|█████████▋| 11651/12000 [01:16<00:04, 75.49it/s]
E3:  97%|█████████▋| 11659/12000 [01:16<00:05, 62.60it/s]
E3:  97%|█████████▋| 11666/12000 [01:16<00:05, 59.54it/s]
E3:  97%|█████████▋| 11674/12000 [01:16<00:05, 63.01it/s]
E3:  97%|█████████▋| 11682/12000 [01:16<00:04, 66.54it/s]
E3:  97%|█████████▋| 11691/12000 [01:16<00:04, 70.32it/s]
E3:  97%|█████████▋| 11699/12000 [01:16<00:04, 68.12it/s]
E3:  98%|█████████▊| 11706/12000 [01:17<00:05, 57.98it/s]
E3:  98%|█████████▊| 11713/12000 [01:17<00:05, 54.95it/s]
E3:  98%|█████████▊| 11719/12000 [01:17<00:05, 56.11it/s]
E3:  98%|█████████▊| 11725/12000 [01:17<00:04, 57.09it/s]
E3:  98%|█████████▊| 11734/12000 [01:17<00:04, 64.16it/s]
E3:  98%|█████████▊| 11743/12000 [01:17<00:03, 70.02it/s]
E3:  98%|█████████▊| 11751/12000 [01:17<00:03, 64.77it/s]
E3:  98%|█████████▊| 11758/12000 [01:18<00:04, 54.27it/s]
E3:  98%|█████████▊| 11764/12000 [01:18<00:04, 55.41it/s]
E3:  98%|█████████▊| 11771/12000 [01:18<00:03, 57.74it/s]
E3:  98%|█████████▊| 11778/12000 [01:18<00:03, 58.09it/s]
E3:  98%|█████████▊| 11786/12000 [01:18<00:03, 62.48it/s]
E3:  98%|█████████▊| 11793/12000 [01:18<00:03, 62.62it/s]
E3:  98%|█████████▊| 11800/12000 [01:18<00:03, 64.40it/s]
E3:  98%|█████████▊| 11807/12000 [01:18<00:03, 53.98it/s]
E3:  98%|█████████▊| 11813/12000 [01:19<00:04, 45.71it/s]
E3:  98%|█████████▊| 11820/12000 [01:19<00:03, 49.60it/s]
E3:  99%|█████████▊| 11828/12000 [01:19<00:03, 55.78it/s]
E3:  99%|█████████▊| 11836/12000 [01:19<00:02, 58.76it/s]
E3:  99%|█████████▊| 11844/12000 [01:19<00:02, 62.07it/s]
E3:  99%|█████████▉| 11851/12000 [01:19<00:02, 61.19it/s]
E3:  99%|█████████▉| 11858/12000 [01:19<00:02, 56.59it/s]
E3:  99%|█████████▉| 11864/12000 [01:19<00:02, 51.13it/s]
E3:  99%|█████████▉| 11870/12000 [01:20<00:02, 51.66it/s]
E3:  99%|█████████▉| 11877/12000 [01:20<00:02, 54.17it/s]
E3:  99%|█████████▉| 11885/12000 [01:20<00:02, 56.18it/s]
E3:  99%|█████████▉| 11891/12000 [01:20<00:02, 53.10it/s]
E3:  99%|█████████▉| 11899/12000 [01:20<00:01, 58.56it/s]
E3:  99%|█████████▉| 11905/12000 [01:20<00:01, 47.72it/s]
E3:  99%|█████████▉| 11911/12000 [01:20<00:01, 47.46it/s]
E3:  99%|█████████▉| 11917/12000 [01:20<00:01, 45.53it/s]
E3:  99%|█████████▉| 11924/12000 [01:21<00:01, 49.84it/s]
E3:  99%|█████████▉| 11930/12000 [01:21<00:01, 50.77it/s]
E3:  99%|█████████▉| 11936/12000 [01:21<00:01, 51.84it/s]
E3: 100%|█████████▉| 11942/12000 [01:21<00:01, 53.74it/s]
E3: 100%|█████████▉| 11949/12000 [01:21<00:00, 53.77it/s]
E3: 100%|█████████▉| 11955/12000 [01:21<00:00, 46.71it/s]
E3: 100%|█████████▉| 11961/12000 [01:21<00:00, 45.39it/s]
E3: 100%|█████████▉| 11966/12000 [01:21<00:00, 42.66it/s]
E3: 100%|█████████▉| 11973/12000 [01:22<00:00, 46.94it/s]
E3: 100%|█████████▉| 11980/12000 [01:22<00:00, 49.85it/s]
E3: 100%|█████████▉| 11986/12000 [01:22<00:00, 48.35it/s]
E3: 100%|█████████▉| 11993/12000 [01:22<00:00, 52.30it/s]
E3: 100%|█████████▉| 11999/12000 [01:22<00:00, 51.38it/s]
E3: 100%|██████████| 12000/12000 [01:22<00:00, 145.23it/s]
INFO:experiments.run_all_experiments_v3:Saved 12000 records to D:\Desktop\Q-research\data\raw\exp3_scaling_20260530_100830.csv

============================================================
STARTING E3: Scaling Behavior
============================================================
E3 COMPLETE: 12000 rows

