INFO:experiments.run_all_experiments_v3:============================================================
INFO:experiments.run_all_experiments_v3:EXPERIMENT 4: Algorithm Comparison
INFO:experiments.run_all_experiments_v3:============================================================
INFO:experiments.run_all_experiments_v3:Total runs: 400

E4:   0%|          | 0/400 [00:00<?, ?it/s]
E4:   0%|          | 2/400 [00:11<37:41,  5.68s/it]
E4:   1%|          | 3/400 [00:15<33:18,  5.03s/it]
E4:   1%|          | 4/400 [00:23<40:30,  6.14s/it]
E4:   2%|▏         | 6/400 [00:37<42:54,  6.53s/it]
E4:   2%|▏         | 7/400 [00:41<38:31,  5.88s/it]
E4:   2%|▏         | 8/400 [00:49<41:42,  6.38s/it]
E4:   2%|▎         | 10/400 [01:07<49:45,  7.65s/it]
E4:   3%|▎         | 11/400 [01:11<43:54,  6.77s/it]
E4:   3%|▎         | 12/400 [01:19<45:21,  7.01s/it]
E4:   4%|▎         | 14/400 [01:31<42:25,  6.59s/it]
E4:   4%|▍         | 15/400 [01:35<38:34,  6.01s/it]
E4:   4%|▍         | 16/400 [01:43<41:27,  6.48s/it]
E4:   4%|▍         | 18/400 [01:52<36:51,  5.79s/it]
E4:   5%|▍         | 19/400 [01:57<34:20,  5.41s/it]
E4:   5%|▌         | 20/400 [02:04<38:04,  6.01s/it]
E4:   6%|▌         | 22/400 [02:25<48:23,  7.68s/it]
E4:   6%|▌         | 23/400 [02:29<43:08,  6.87s/it]
E4:   6%|▌         | 24/400 [02:39<47:57,  7.65s/it]
E4:   6%|▋         | 26/400 [03:08<1:05:02, 10.43s/it]
E4:   7%|▋         | 27/400 [03:13<58:25,  9.40s/it]  
E4:   7%|▋         | 28/400 [03:25<1:01:25,  9.91s/it]
E4:   8%|▊         | 30/400 [03:46<1:02:22, 10.11s/it]
E4:   8%|▊         | 31/400 [03:50<54:03,  8.79s/it]  
E4:   8%|▊         | 32/400 [03:59<54:16,  8.85s/it]
E4:   8%|▊         | 34/400 [04:18<55:40,  9.13s/it]
E4:   9%|▉         | 35/400 [04:24<50:31,  8.30s/it]
E4:   9%|▉         | 36/400 [04:35<54:56,  9.06s/it]
E4:  10%|▉         | 38/400 [04:52<52:52,  8.76s/it]
E4:  10%|▉         | 39/400 [04:57<48:23,  8.04s/it]
E4:  10%|█         | 40/400 [05:09<53:34,  8.93s/it]
E4:  10%|█         | 42/400 [05:31<59:04,  9.90s/it]
E4:  11%|█         | 43/400 [05:37<53:27,  8.98s/it]
E4:  11%|█         | 44/400 [05:48<55:13,  9.31s/it]
E4:  12%|█▏        | 46/400 [06:01<48:08,  8.16s/it]
E4:  12%|█▏        | 47/400 [06:06<43:53,  7.46s/it]
E4:  12%|█▏        | 48/400 [06:16<47:58,  8.18s/it]
E4:  12%|█▎        | 50/400 [06:39<55:06,  9.45s/it]
E4:  13%|█▎        | 51/400 [06:44<49:20,  8.48s/it]
E4:  13%|█▎        | 52/400 [06:54<51:36,  8.90s/it]
E4:  14%|█▎        | 54/400 [07:13<52:53,  9.17s/it]
E4:  14%|█▍        | 55/400 [07:19<48:06,  8.37s/it]
E4:  14%|█▍        | 56/400 [07:29<49:57,  8.71s/it]
E4:  14%|█▍        | 58/400 [07:47<50:43,  8.90s/it]
E4:  15%|█▍        | 59/400 [07:52<45:27,  8.00s/it]
E4:  15%|█▌        | 60/400 [08:01<47:37,  8.40s/it]
E4:  16%|█▌        | 62/400 [08:15<43:42,  7.76s/it]
E4:  16%|█▌        | 63/400 [08:20<40:22,  7.19s/it]
E4:  16%|█▌        | 64/400 [08:30<43:51,  7.83s/it]
E4:  16%|█▋        | 66/400 [08:42<38:53,  6.99s/it]
E4:  17%|█▋        | 67/400 [08:47<36:26,  6.57s/it]
E4:  17%|█▋        | 68/400 [08:57<41:14,  7.45s/it]
E4:  18%|█▊        | 70/400 [09:36<1:07:39, 12.30s/it]
E4:  18%|█▊        | 71/400 [09:41<58:27, 10.66s/it]  
E4:  18%|█▊        | 72/400 [09:51<57:19, 10.49s/it]
E4:  18%|█▊        | 74/400 [10:09<54:34, 10.04s/it]
E4:  19%|█▉        | 75/400 [10:14<48:11,  8.90s/it]
E4:  19%|█▉        | 76/400 [10:25<50:21,  9.33s/it]
E4:  20%|█▉        | 78/400 [10:38<43:42,  8.15s/it]
E4:  20%|█▉        | 79/400 [10:43<40:19,  7.54s/it]
E4:  20%|██        | 80/400 [10:54<43:54,  8.23s/it]
E4:  20%|██        | 82/400 [11:12<45:12,  8.53s/it]
E4:  21%|██        | 83/400 [11:17<41:24,  7.84s/it]
E4:  21%|██        | 84/400 [11:28<44:46,  8.50s/it]
E4:  22%|██▏       | 86/400 [11:44<43:37,  8.34s/it]
E4:  22%|██▏       | 87/400 [11:49<39:59,  7.67s/it]
E4:  22%|██▏       | 88/400 [12:00<43:27,  8.36s/it]
E4:  22%|██▎       | 90/400 [12:19<46:08,  8.93s/it]
E4:  23%|██▎       | 91/400 [12:25<41:45,  8.11s/it]
E4:  23%|██▎       | 92/400 [12:35<44:44,  8.72s/it]
E4:  24%|██▎       | 94/400 [13:13<1:06:19, 13.00s/it]
E4:  24%|██▍       | 95/400 [13:19<57:17, 11.27s/it]  
E4:  24%|██▍       | 96/400 [13:30<56:36, 11.17s/it]
E4:  24%|██▍       | 98/400 [13:54<57:45, 11.47s/it]
E4:  25%|██▍       | 99/400 [13:59<51:00, 10.17s/it]
E4:  25%|██▌       | 100/400 [14:10<51:37, 10.33s/it]
E4:  26%|██▌       | 102/400 [14:41<1:01:18, 12.34s/it]
E4:  26%|██▌       | 103/400 [14:47<54:14, 10.96s/it]  
E4:  26%|██▌       | 104/400 [14:58<54:41, 11.09s/it]
E4:  26%|██▋       | 106/400 [15:17<51:00, 10.41s/it]
E4:  27%|██▋       | 107/400 [15:23<45:36,  9.34s/it]
E4:  27%|██▋       | 108/400 [15:34<48:05,  9.88s/it]
E4:  28%|██▊       | 110/400 [15:58<51:39, 10.69s/it]
E4:  28%|██▊       | 111/400 [16:03<45:03,  9.35s/it]
E4:  28%|██▊       | 112/400 [16:13<45:14,  9.43s/it]
E4:  28%|██▊       | 114/400 [16:44<57:40, 12.10s/it]
E4:  29%|██▉       | 115/400 [16:50<50:53, 10.71s/it]
E4:  29%|██▉       | 116/400 [17:02<52:10, 11.02s/it]
E4:  30%|██▉       | 118/400 [17:22<49:14, 10.48s/it]
E4:  30%|██▉       | 119/400 [17:31<47:56, 10.24s/it]
E4:  30%|███       | 120/400 [17:47<54:41, 11.72s/it]
E4:  30%|███       | 122/400 [18:12<55:44, 12.03s/it]
E4:  31%|███       | 123/400 [18:23<54:01, 11.70s/it]
E4:  31%|███       | 124/400 [18:41<1:01:11, 13.30s/it]
E4:  32%|███▏      | 126/400 [19:05<58:33, 12.82s/it]  
E4:  32%|███▏      | 127/400 [19:14<54:22, 11.95s/it]
E4:  32%|███▏      | 128/400 [19:33<1:01:24, 13.55s/it]
E4:  32%|███▎      | 130/400 [20:05<1:05:46, 14.62s/it]
E4:  33%|███▎      | 131/400 [20:15<1:00:26, 13.48s/it]
E4:  33%|███▎      | 132/400 [20:36<1:09:08, 15.48s/it]
E4:  34%|███▎      | 134/400 [21:13<1:13:32, 16.59s/it]
E4:  34%|███▍      | 135/400 [21:22<1:06:17, 15.01s/it]
E4:  34%|███▍      | 136/400 [21:42<1:10:41, 16.07s/it]
E4:  34%|███▍      | 138/400 [22:15<1:10:56, 16.25s/it]
E4:  35%|███▍      | 139/400 [22:25<1:04:24, 14.81s/it]
E4:  35%|███▌      | 140/400 [22:47<1:12:18, 16.69s/it]
E4:  36%|███▌      | 142/400 [23:07<59:31, 13.84s/it]  
E4:  36%|███▌      | 143/400 [23:17<55:43, 13.01s/it]
E4:  36%|███▌      | 144/400 [23:35<1:00:37, 14.21s/it]
E4:  36%|███▋      | 146/400 [23:57<55:02, 13.00s/it]  
E4:  37%|███▋      | 147/400 [24:07<51:07, 12.13s/it]
E4:  37%|███▋      | 148/400 [24:24<56:48, 13.53s/it]
E4:  38%|███▊      | 150/400 [25:04<1:07:05, 16.10s/it]
E4:  38%|███▊      | 151/400 [25:14<1:01:03, 14.71s/it]
E4:  38%|███▊      | 152/400 [25:33<1:05:08, 15.76s/it]
E4:  38%|███▊      | 154/400 [26:03<1:03:46, 15.56s/it]
E4:  39%|███▉      | 155/400 [26:14<58:29, 14.33s/it]  
E4:  39%|███▉      | 156/400 [26:34<1:04:21, 15.83s/it]
E4:  40%|███▉      | 158/400 [26:56<55:54, 13.86s/it]  
E4:  40%|███▉      | 159/400 [27:05<51:20, 12.78s/it]
E4:  40%|████      | 160/400 [27:22<55:12, 13.80s/it]
E4:  40%|████      | 162/400 [27:45<50:59, 12.86s/it]
E4:  41%|████      | 163/400 [27:54<46:44, 11.83s/it]
E4:  41%|████      | 164/400 [28:10<51:26, 13.08s/it]
E4:  42%|████▏     | 166/400 [28:36<50:12, 12.87s/it]
E4:  42%|████▏     | 167/400 [28:46<47:25, 12.21s/it]
E4:  42%|████▏     | 168/400 [29:03<52:06, 13.47s/it]
E4:  42%|████▎     | 170/400 [29:35<56:01, 14.62s/it]
E4:  43%|████▎     | 171/400 [29:45<51:46, 13.57s/it]
E4:  43%|████▎     | 172/400 [30:09<1:00:44, 15.99s/it]
E4:  44%|████▎     | 174/400 [30:29<51:12, 13.59s/it]  
E4:  44%|████▍     | 175/400 [30:38<47:03, 12.55s/it]
E4:  44%|████▍     | 176/400 [30:59<54:14, 14.53s/it]
E4:  44%|████▍     | 178/400 [31:30<55:23, 14.97s/it]
E4:  45%|████▍     | 179/400 [31:39<50:16, 13.65s/it]
E4:  45%|████▌     | 180/400 [31:58<54:55, 14.98s/it]
E4:  46%|████▌     | 182/400 [32:49<1:10:13, 19.33s/it]
E4:  46%|████▌     | 183/400 [33:02<1:04:18, 17.78s/it]
E4:  46%|████▌     | 184/400 [33:27<1:10:45, 19.66s/it]
E4:  46%|████▋     | 186/400 [34:00<1:05:27, 18.35s/it]
E4:  47%|████▋     | 187/400 [34:11<58:42, 16.54s/it]  
E4:  47%|████▋     | 188/400 [34:32<1:02:10, 17.60s/it]
E4:  48%|████▊     | 190/400 [35:13<1:06:23, 18.97s/it]
E4:  48%|████▊     | 191/400 [35:24<59:34, 17.10s/it]  
E4:  48%|████▊     | 192/400 [35:45<1:02:34, 18.05s/it]
E4:  48%|████▊     | 194/400 [36:19<1:00:09, 17.52s/it]
E4:  49%|████▉     | 195/400 [36:27<53:02, 15.52s/it]  
E4:  49%|████▉     | 196/400 [36:44<53:18, 15.68s/it]
E4:  50%|████▉     | 198/400 [37:08<47:54, 14.23s/it]
E4:  50%|████▉     | 199/400 [37:15<42:11, 12.60s/it]
E4:  50%|█████     | 200/400 [37:29<43:10, 12.95s/it]
E4:  50%|█████     | 202/400 [37:55<42:33, 12.90s/it]
E4:  51%|█████     | 203/400 [38:02<38:14, 11.65s/it]
E4:  51%|█████     | 204/400 [38:17<40:27, 12.38s/it]
E4:  52%|█████▏    | 206/400 [38:45<42:23, 13.11s/it]
E4:  52%|█████▏    | 207/400 [38:53<38:19, 11.92s/it]
E4:  52%|█████▏    | 208/400 [39:08<40:23, 12.62s/it]
E4:  52%|█████▎    | 210/400 [39:39<44:02, 13.91s/it]
E4:  53%|█████▎    | 211/400 [39:47<39:25, 12.52s/it]
E4:  53%|█████▎    | 212/400 [40:02<40:58, 13.08s/it]
E4:  54%|█████▎    | 214/400 [40:24<38:09, 12.31s/it]
E4:  54%|█████▍    | 215/400 [40:32<34:42, 11.26s/it]
E4:  54%|█████▍    | 216/400 [40:47<37:10, 12.12s/it]
E4:  55%|█████▍    | 218/400 [41:23<44:18, 14.61s/it]
E4:  55%|█████▍    | 219/400 [41:31<39:27, 13.08s/it]
E4:  55%|█████▌    | 220/400 [41:45<40:19, 13.44s/it]
E4:  56%|█████▌    | 222/400 [42:07<36:54, 12.44s/it]
E4:  56%|█████▌    | 223/400 [42:15<33:41, 11.42s/it]
E4:  56%|█████▌    | 224/400 [42:30<35:57, 12.26s/it]
E4:  56%|█████▋    | 226/400 [42:59<38:09, 13.16s/it]
E4:  57%|█████▋    | 227/400 [43:07<34:22, 11.92s/it]
E4:  57%|█████▋    | 228/400 [43:22<36:50, 12.85s/it]
E4:  57%|█████▊    | 230/400 [43:57<41:23, 14.61s/it]
E4:  58%|█████▊    | 231/400 [44:04<36:43, 13.04s/it]
E4:  58%|█████▊    | 232/400 [44:19<37:49, 13.51s/it]
E4:  58%|█████▊    | 234/400 [45:02<46:22, 16.76s/it]
E4:  59%|█████▉    | 235/400 [45:10<40:15, 14.64s/it]
E4:  59%|█████▉    | 236/400 [45:25<40:13, 14.72s/it]
E4:  60%|█████▉    | 238/400 [45:45<34:52, 12.92s/it]
E4:  60%|█████▉    | 239/400 [45:53<31:29, 11.73s/it]
E4:  60%|██████    | 240/400 [46:07<32:53, 12.33s/it]
E4:  60%|██████    | 242/400 [46:32<32:39, 12.40s/it]
E4:  61%|██████    | 243/400 [46:41<30:36, 11.70s/it]
E4:  61%|██████    | 244/400 [46:58<33:22, 12.84s/it]
E4:  62%|██████▏   | 246/400 [47:22<31:56, 12.45s/it]
E4:  62%|██████▏   | 247/400 [47:31<30:00, 11.77s/it]
E4:  62%|██████▏   | 248/400 [47:50<34:34, 13.65s/it]
E4:  62%|██████▎   | 250/400 [48:23<36:59, 14.80s/it]
E4:  63%|██████▎   | 251/400 [48:32<33:32, 13.50s/it]
E4:  63%|██████▎   | 252/400 [48:55<38:33, 15.63s/it]
E4:  64%|██████▎   | 254/400 [49:52<51:15, 21.06s/it]
E4:  64%|██████▍   | 255/400 [50:06<46:55, 19.42s/it]
E4:  64%|██████▍   | 256/400 [50:38<54:02, 22.52s/it]
E4:  64%|██████▍   | 258/400 [51:34<58:34, 24.75s/it]
E4:  65%|██████▍   | 259/400 [51:47<52:01, 22.14s/it]
E4:  65%|██████▌   | 260/400 [52:13<53:50, 23.08s/it]
E4:  66%|██████▌   | 262/400 [52:47<47:24, 20.61s/it]
E4:  66%|██████▌   | 263/400 [53:02<44:00, 19.27s/it]
E4:  66%|██████▌   | 264/400 [53:33<50:08, 22.12s/it]
E4:  66%|██████▋   | 266/400 [54:34<57:07, 25.58s/it]
E4:  67%|██████▋   | 267/400 [55:00<56:37, 25.54s/it]
E4:  67%|██████▋   | 268/400 [55:21<54:07, 24.60s/it]
E4:  68%|██████▊   | 270/400 [56:08<52:08, 24.07s/it]
E4:  68%|██████▊   | 271/400 [56:20<45:54, 21.36s/it]
E4:  68%|██████▊   | 272/400 [56:56<53:05, 24.88s/it]
E4:  68%|██████▊   | 274/400 [57:26<43:39, 20.79s/it]
E4:  69%|██████▉   | 275/400 [57:38<39:27, 18.94s/it]
E4:  69%|██████▉   | 276/400 [58:04<42:41, 20.66s/it]
E4:  70%|██████▉   | 278/400 [58:53<44:56, 22.10s/it]
E4:  70%|██████▉   | 279/400 [59:01<38:28, 19.08s/it]
E4:  70%|███████   | 280/400 [59:23<39:27, 19.73s/it]
E4:  70%|███████   | 282/400 [59:48<33:01, 16.79s/it]
E4:  71%|███████   | 283/400 [1:00:00<30:38, 15.71s/it]
E4:  71%|███████   | 284/400 [1:00:20<32:02, 16.57s/it]
E4:  72%|███████▏  | 286/400 [1:00:46<28:53, 15.20s/it]
E4:  72%|███████▏  | 287/400 [1:00:55<25:58, 13.79s/it]
E4:  72%|███████▏  | 288/400 [1:01:16<29:14, 15.67s/it]
E4:  72%|███████▎  | 290/400 [1:01:56<31:56, 17.42s/it]
E4:  73%|███████▎  | 291/400 [1:02:05<28:05, 15.46s/it]
E4:  73%|███████▎  | 292/400 [1:02:27<30:38, 17.03s/it]
E4:  74%|███████▎  | 294/400 [1:02:49<25:39, 14.52s/it]
E4:  74%|███████▍  | 295/400 [1:02:58<23:09, 13.24s/it]
E4:  74%|███████▍  | 296/400 [1:03:19<26:26, 15.26s/it]
E4:  74%|███████▍  | 298/400 [1:03:50<26:07, 15.36s/it]
E4:  75%|███████▍  | 299/400 [1:03:59<23:14, 13.81s/it]
E4:  75%|███████▌  | 300/400 [1:04:20<26:13, 15.73s/it]
E4:  76%|███████▌  | 302/400 [1:04:53<26:02, 15.94s/it]
E4:  76%|███████▌  | 303/400 [1:05:03<23:43, 14.68s/it]
E4:  76%|███████▌  | 304/400 [1:05:24<25:51, 16.16s/it]
E4:  76%|███████▋  | 306/400 [1:05:51<23:30, 15.00s/it]
E4:  77%|███████▋  | 307/400 [1:06:02<22:03, 14.23s/it]
E4:  77%|███████▋  | 308/400 [1:06:21<23:32, 15.35s/it]
E4:  78%|███████▊  | 310/400 [1:06:54<23:37, 15.75s/it]
E4:  78%|███████▊  | 311/400 [1:07:02<20:57, 14.13s/it]
E4:  78%|███████▊  | 312/400 [1:07:19<21:40, 14.78s/it]
E4:  78%|███████▊  | 314/400 [1:07:51<21:58, 15.34s/it]
E4:  79%|███████▉  | 315/400 [1:08:00<19:27, 13.74s/it]
E4:  79%|███████▉  | 316/400 [1:08:17<20:21, 14.54s/it]
E4:  80%|███████▉  | 318/400 [1:08:43<19:00, 13.90s/it]
E4:  80%|███████▉  | 319/400 [1:08:51<17:05, 12.67s/it]
E4:  80%|████████  | 320/400 [1:09:10<18:47, 14.10s/it]
E4:  80%|████████  | 322/400 [1:09:34<17:20, 13.34s/it]
E4:  81%|████████  | 323/400 [1:09:43<15:52, 12.37s/it]
E4:  81%|████████  | 324/400 [1:10:01<17:16, 13.64s/it]
E4:  82%|████████▏ | 326/400 [1:10:32<17:49, 14.46s/it]
E4:  82%|████████▏ | 327/400 [1:10:43<16:31, 13.58s/it]
E4:  82%|████████▏ | 328/400 [1:11:05<18:49, 15.68s/it]
E4:  82%|████████▎ | 330/400 [1:11:31<16:59, 14.56s/it]
E4:  83%|████████▎ | 331/400 [1:11:40<15:23, 13.39s/it]
E4:  83%|████████▎ | 332/400 [1:11:57<16:14, 14.33s/it]
E4:  84%|████████▎ | 334/400 [1:12:22<14:56, 13.59s/it]
E4:  84%|████████▍ | 335/400 [1:12:32<13:39, 12.61s/it]
E4:  84%|████████▍ | 336/400 [1:12:53<15:41, 14.70s/it]
E4:  84%|████████▍ | 338/400 [1:13:36<18:08, 17.55s/it]
E4:  85%|████████▍ | 339/400 [1:13:46<15:59, 15.73s/it]
E4:  85%|████████▌ | 340/400 [1:14:06<16:46, 16.78s/it]
E4:  86%|████████▌ | 342/400 [1:14:59<20:04, 20.76s/it]
E4:  86%|████████▌ | 343/400 [1:15:08<17:15, 18.17s/it]
E4:  86%|████████▌ | 344/400 [1:15:26<16:57, 18.17s/it]
E4:  86%|████████▋ | 346/400 [1:15:57<15:25, 17.13s/it]
E4:  87%|████████▋ | 347/400 [1:16:07<13:32, 15.33s/it]
E4:  87%|████████▋ | 348/400 [1:16:23<13:29, 15.58s/it]
E4:  88%|████████▊ | 350/400 [1:17:11<15:50, 19.00s/it]
E4:  88%|████████▊ | 351/400 [1:17:21<13:49, 16.92s/it]
E4:  88%|████████▊ | 352/400 [1:17:39<13:43, 17.16s/it]
E4:  88%|████████▊ | 354/400 [1:18:06<12:09, 15.85s/it]
E4:  89%|████████▉ | 355/400 [1:18:16<10:44, 14.31s/it]
E4:  89%|████████▉ | 356/400 [1:18:35<11:20, 15.46s/it]
E4:  90%|████████▉ | 358/400 [1:19:01<10:08, 14.49s/it]
E4:  90%|████████▉ | 359/400 [1:19:14<09:43, 14.23s/it]
E4:  90%|█████████ | 360/400 [1:19:36<10:46, 16.16s/it]
E4:  90%|█████████ | 362/400 [1:20:09<10:20, 16.34s/it]
E4:  91%|█████████ | 363/400 [1:20:21<09:26, 15.30s/it]
E4:  91%|█████████ | 364/400 [1:20:47<10:39, 17.76s/it]
E4:  92%|█████████▏| 366/400 [1:21:10<08:38, 15.26s/it]
E4:  92%|█████████▏| 367/400 [1:21:20<07:41, 13.99s/it]
E4:  92%|█████████▏| 368/400 [1:21:40<08:16, 15.52s/it]
E4:  92%|█████████▎| 370/400 [1:22:14<08:07, 16.26s/it]
E4:  93%|█████████▎| 371/400 [1:22:27<07:24, 15.32s/it]
E4:  93%|█████████▎| 372/400 [1:22:48<07:52, 16.89s/it]
E4:  94%|█████████▎| 374/400 [1:23:17<06:50, 15.79s/it]
E4:  94%|█████████▍| 375/400 [1:23:26<05:59, 14.40s/it]
E4:  94%|█████████▍| 376/400 [1:23:48<06:27, 16.16s/it]
E4:  94%|█████████▍| 378/400 [1:24:25<06:17, 17.14s/it]
E4:  95%|█████████▍| 379/400 [1:24:36<05:29, 15.69s/it]
E4:  95%|█████████▌| 380/400 [1:24:59<05:48, 17.41s/it]
E4:  96%|█████████▌| 382/400 [1:25:36<05:23, 17.98s/it]
E4:  96%|█████████▌| 383/400 [1:25:48<04:42, 16.62s/it]
E4:  96%|█████████▌| 384/400 [1:26:06<04:31, 16.99s/it]
E4:  96%|█████████▋| 386/400 [1:26:34<03:39, 15.66s/it]
E4:  97%|█████████▋| 387/400 [1:26:43<03:03, 14.13s/it]
E4:  97%|█████████▋| 388/400 [1:27:05<03:12, 16.02s/it]
E4:  98%|█████████▊| 390/400 [1:27:37<02:40, 16.09s/it]
E4:  98%|█████████▊| 391/400 [1:27:47<02:11, 14.63s/it]
E4:  98%|█████████▊| 392/400 [1:28:03<02:01, 15.17s/it]
E4:  98%|█████████▊| 394/400 [1:28:32<01:28, 14.75s/it]
E4:  99%|█████████▉| 395/400 [1:28:41<01:07, 13.46s/it]
E4:  99%|█████████▉| 396/400 [1:28:58<00:57, 14.35s/it]
E4: 100%|█████████▉| 398/400 [1:29:32<00:30, 15.41s/it]
E4: 100%|█████████▉| 399/400 [1:29:43<00:14, 14.58s/it]
E4: 100%|██████████| 400/400 [1:30:05<00:00, 16.27s/it]
E4: 100%|██████████| 400/400 [1:30:05<00:00, 13.51s/it]
INFO:experiments.run_all_experiments_v3:Saved 400 records to D:\Desktop\Q-research\data\raw\exp4_algorithm_comparison_20260530_113849.csv

============================================================
STARTING E4: Algorithm Comparison
============================================================
E4 COMPLETE: 400 rows

