Generating non-parameterized real circuits...
Generated 62 circuits:
  - QFT circuits
  - GHZ / GHZ+H circuits
  - CNOT chain circuits
  - Clifford circuits (generator_v1, 30 total)
  - Universal circuits (generator_v1, 10 total)

Running 62 circuits × 4 optimizers
  Progress: 10/62 circuits done
  Progress: 20/62 circuits done
  Progress: 30/62 circuits done
  Progress: 40/62 circuits done
  Progress: 50/62 circuits done
  Progress: 60/62 circuits done

======================================================================
REAL CIRCUIT RESULTS:
======================================================================

Optimizer    Mean Red  Succ >0%  Succ >5%  Succ >10%   Max Red
  ------------------------------------------------------------
  ga              0.0%     0.0%     0.0%      0.0%     0.0%
  greedy          0.6%     8.1%     6.5%      0.0%    10.0%
  rls             0.0%     0.0%     0.0%      0.0%     0.0%
  sa              0.0%     0.0%     0.0%      0.0%     0.0%

Top circuits (Greedy, top 10):
  QFT_n4                    n= 4: red= 10.0%
  QFT_n3                    n= 3: red=  9.5%
  QFT_n6                    n= 6: red=  6.7%
  QFT_n5                    n= 5: red=  6.6%
  QFT_n7                    n= 7: red=  5.0%
  GHZ_n3                    n= 3: red=  0.0%
  GHZ_n4                    n= 4: red=  0.0%
  GHZ_n5                    n= 5: red=  0.0%
  GHZ_n6                    n= 6: red=  0.0%
  GHZ_n7                    n= 7: red=  0.0%

By circuit type:
  Clifford  : n=120 records, greedy mean=  0.0%
  Universal : n= 40 records, greedy mean=  0.0%
  GHZ       : n= 48 records, greedy mean=  0.0%
  QFT       : n= 20 records, greedy mean=  7.5%
  CNOT      : n= 20 records, greedy mean=  0.0%

--- KEY INSIGHT ---
  Real circuits (non-parameterized):
  Greedy: 0.6%, SA: 0.0%, GA: 0.0%, RLS: 0.0%
  → Clifford circuits from generator_v1 have cancelable pairs
  → generator_v2 UniversalGenerator produces 0% on same optimizer

E7 COMPLETE — 248 records → exp7_real_circuits_20260530_200350.csv
exp7 DONE
