Family A: CNOT-H-CNOT pattern (commutation-rewritable)
Family A: CNOT-H-CNOT pattern (commutation-rewritable)
Family B: Rotation chains (angle merging)
Family C: GHZ/W states (hard for peephole)

Saved 1200 records

======================================================================
Structured Synthetic Circuit Results:
======================================================================

Family                Optimizer    Mean Red   Succ 20%   Fidelity
  -----------------------------------------------------------------
  A_cnot_h_cnot         ga              9.5%      0.0%    1.0000
  A_cnot_h_cnot         greedy          9.5%      0.0%    1.0000
  A_cnot_h_cnot         rls             9.5%      0.0%    1.0000
  A_cnot_h_cnot         sa              6.1%      0.0%    1.0000
  B_rotation_chains     ga              0.0%      0.0%    1.0000
  B_rotation_chains     greedy         57.0%    100.0%    0.1043
  B_rotation_chains     rls             0.0%      0.0%    1.0000
  B_rotation_chains     sa              0.0%      0.0%    1.0000
  C_ghz_entangled       ga              0.0%      0.0%    1.0000
  C_ghz_entangled       greedy          0.0%      0.0%    1.0000
  C_ghz_entangled       rls             0.0%      0.0%    1.0000
  C_ghz_entangled       sa              0.0%      0.0%    1.0000

--- KEY INSIGHT ---
  A_cnot_h_cnot: Greedy mean=9.5%, range=[5.9%, 14.3%]
  B_rotation_chains: Greedy mean=57.0%, range=[56.5%, 57.7%]
  C_ghz_entangled: Greedy mean=0.0%, range=[0.0%, 0.0%]

E8 COMPLETE — 1200 records, analysis: exp8_analysis_20260530_190301.json
exp8 DONE
