======================================================================
Phase 0: OLD vs NEW Optimizer — Phase 2 (Commutation) Impact
OLD = 2-phase (adjacent + via-commutation), NEW = adjacent-only
======================================================================

Test 1: Universal circuits (n=5, d=15, 50 trials)
----------------------------------------------------------------------
  seed=0  : OLD red= 26.7% (10 pairs), NEW red=  0.0% (0 pairs), OLD fid=1.00
  seed=1  : OLD red=  5.3% (2 pairs), NEW red=  0.0% (0 pairs), OLD fid=1.00
  seed=2  : OLD red= 16.0% (6 pairs), NEW red=  0.0% (0 pairs), OLD fid=1.00
  seed=3  : OLD red=  8.0% (3 pairs), NEW red=  0.0% (0 pairs), OLD fid=1.00
  seed=4  : OLD red= 10.7% (4 pairs), NEW red=  0.0% (0 pairs), OLD fid=1.00
  seed=5  : OLD red= 13.3% (5 pairs), NEW red=  0.0% (0 pairs), OLD fid=1.00
  seed=6  : OLD red= 13.3% (5 pairs), NEW red=  0.0% (0 pairs), OLD fid=1.00
  seed=7  : OLD red=  8.0% (3 pairs), NEW red=  0.0% (0 pairs), OLD fid=1.00
  seed=8  : OLD red=  0.0% (0 pairs), NEW red=  0.0% (0 pairs), OLD fid=1.00
  seed=9  : OLD red= 10.7% (4 pairs), NEW red=  0.0% (0 pairs), OLD fid=1.00
  seed=10 : OLD red= 18.7% (7 pairs), NEW red=  0.0% (0 pairs), OLD fid=1.00
  seed=20 : OLD red= 16.0% (6 pairs), NEW red=  0.0% (0 pairs), OLD fid=1.00
  seed=30 : OLD red=  5.3% (2 pairs), NEW red=  0.0% (0 pairs), OLD fid=1.00
  seed=40 : OLD red=  8.0% (3 pairs), NEW red=  0.0% (0 pairs), OLD fid=1.00

Test 2: Clifford circuits (n=5, d=15, 50 trials)
----------------------------------------------------------------------
  seed=0  : OLD red= 26.7% (14 pairs), NEW red=  0.0% (0 pairs), OLD fid=1.00
  seed=1  : OLD red= 28.6% (15 pairs), NEW red=  0.0% (0 pairs), OLD fid=1.00
  seed=2  : OLD red= 19.0% (10 pairs), NEW red=  0.0% (0 pairs), OLD fid=1.00
  seed=3  : OLD red= 34.3% (18 pairs), NEW red=  0.0% (0 pairs), OLD fid=1.00
  seed=4  : OLD red= 24.8% (13 pairs), NEW red=  0.0% (0 pairs), OLD fid=1.00
  seed=5  : OLD red= 21.0% (11 pairs), NEW red=  0.0% (0 pairs), OLD fid=1.00
  seed=6  : OLD red= 36.2% (19 pairs), NEW red=  0.0% (0 pairs), OLD fid=1.00
  seed=7  : OLD red= 30.5% (16 pairs), NEW red=  0.0% (0 pairs), OLD fid=1.00
  seed=8  : OLD red= 30.5% (16 pairs), NEW red=  0.0% (0 pairs), OLD fid=1.00
  seed=9  : OLD red= 19.0% (10 pairs), NEW red=  0.0% (0 pairs), OLD fid=1.00
  seed=10 : OLD red= 28.6% (15 pairs), NEW red=  0.0% (0 pairs), OLD fid=1.00
  seed=20 : OLD red= 30.5% (16 pairs), NEW red=  0.0% (0 pairs), OLD fid=1.00
  seed=30 : OLD red= 28.6% (15 pairs), NEW red=  0.0% (0 pairs), OLD fid=1.00
  seed=40 : OLD red= 36.2% (19 pairs), NEW red=  0.0% (0 pairs), OLD fid=1.00

======================================================================
SUMMARY:
======================================================================

UNIVERSAL CIRCUITS (n=5, d=15):
  Metric                     OLD (2-phase)  NEW (1-phase)
  -----------------------------------------------------
  Mean reduction                   10.8%         0.0%
  Median reduction                 10.7%         0.0%
  Std reduction                     5.6%         0.0%
  Mean improvements                  4.0          0.0
  Mean fidelity                   1.0000       1.0000
  Succ rate (>0 red)               98.0%         0.0%
  OLD > NEW                        98.0%

CLIFFORD CIRCUITS (n=5, d=15):
  Metric                     OLD (2-phase)  NEW (1-phase)
  -----------------------------------------------------
  Mean reduction                   27.2%         0.0%
  Median reduction                 27.6%         0.0%
  Std reduction                     5.8%         0.0%
  Mean improvements                 14.3          0.0
  Mean fidelity                   1.0000       1.0000
  Succ rate (>0 red)              100.0%         0.0%
  OLD > NEW                       100.0%

======================================================================
KEY FINDINGS:
======================================================================

1. OLD optimizer advantage (commutation Phase 2):
   Universal circuits: OLD=10.8% vs NEW=0.0%
   Clifford circuits: OLD=27.2% vs NEW=0.0%
   → Phase 2 adds ~38.0% extra reduction

2. Fidelity check (OLD should preserve fidelity if Phase 2 is valid):
   OLD fidelity: 1.0000
   ✓ OLD fidelity ≈ 1.0: Phase 2 appears valid

3. NEW optimizer (adjacent-only) is SAFE but limited:
   NEW mean reduction (Universal): 0.0%
   NEW mean reduction (Clifford):  0.0%
   → The new optimizer is too conservative for random circuits

4. COMPARISON WITH OLD E1-E5 DATA:
   Old E1-E5 mean reduction: ~14.0% (from 5000 Universal circuits)
   Our OLD optimizer (same circuits): 10.8%
   Our NEW optimizer: 0.0%
   → OLD matches E1-E5 data ✓ (commutation Phase 2 is the source)
   → NEW confirms: adjacent-only is fundamentally limited on random circuits

Phase 0 COMPLETE — data: phase0_old_vs_new_20260530_185225.csv
