Loading data files...
  E1: data/raw\exp1_phase_transition_20260530_095003.csv
  E2: data/raw\exp2_entanglement_density_20260530_161336.csv
  E3: data/raw\exp3_scaling_20260530_100830.csv
  E4: data/raw\exp4_algorithm_comparison_20260530_111458.csv
Loaded: E1=5000, E2=4200, E3=12000, E4=400

======================================================================
ANALYSIS 1: Phase Transition — Exponential vs Sigmoid Model
======================================================================

  n=3:
    Exponential: P0=nan, d0=nan, R²=nan
    Sigmoid: dc=nan, w=nan, R²=nan
    ΔAIC = +nan → favors sigmoid
    ΔBIC = +nan

  n=5:
    Exponential: P0=0.933, d0=5973353160.8, R²=-0.000
    Sigmoid: dc=100.0, w=19.6, R²=-0.267
    ΔAIC = -11.8 → favors exponential
    ΔBIC = -11.8

  n=7:
    Exponential: P0=nan, d0=nan, R²=nan
    Sigmoid: dc=nan, w=nan, R²=nan
    ΔAIC = +nan → favors sigmoid
    ΔBIC = +nan

======================================================================
ANALYSIS 2: Finite-Size Scaling of d0
======================================================================
  d0 vs n: slope=nan, R²=nan, p=nan
  Conclusion: d0 does NOT scale with n

======================================================================
ANALYSIS 3: Algorithm Comparison (SA/GA vs Greedy)
======================================================================

  Optimizer       Mean    Median      Std   Succ 5%
  --------------------------------------------------
  Greedy       14.36%   13.33%   5.91%    96.0%
  SA            0.20%    0.00%   0.66%     0.0%
  GA            1.00%    1.33%   0.83%     0.0%
  RLS          10.16%    9.33%   5.19%    89.0%

  Mann-Whitney (Greedy vs SA): U=9937, p=3.40e-37
  Mann-Whitney (Greedy vs GA): U=9903, p=2.10e-34
  Mann-Whitney (Greedy vs RLS): U=7036, p=2.93e-07
  Cliff's delta (Greedy vs SA): +0.988 (large)
  Cliff's delta (Greedy vs GA): +0.981

======================================================================
ANALYSIS 4: Power-Law Scaling (E3)
======================================================================
  Power law: reduction ∝ n^0.296
  95% CI: [0.222, 0.369]
  R²=0.912, p=0.0002
  Table: n=[ 3  4  5  6  7  8  9 10], reduction=[0.10517893 0.12515379 0.13894687 0.13479933 0.14467089 0.14955748
 0.15189499 0.15555673]

======================================================================
ANALYSIS 5: Entanglement Density Sweet Spot (E2)
======================================================================
  Optimal ρ: 1.0 (reduction=75.20%)
  2nd best: ρ=0.9
  Reduction by ρ:
    ρ=0.0: 3.59% ± 4.25% (n=200)
    ρ=0.1: 3.45% ± 4.04% (n=200)
    ρ=0.1: 3.71% ± 4.38% (n=200)
    ρ=0.1: 4.14% ± 4.81% (n=200)
    ρ=0.2: 4.87% ± 5.42% (n=200)
    ρ=0.2: 6.11% ± 6.87% (n=200)
    ρ=0.3: 7.00% ± 7.64% (n=200)
    ρ=0.3: 8.52% ± 9.03% (n=200)
    ρ=0.4: 9.94% ± 10.64% (n=200)
    ρ=0.5: 12.00% ± 12.43% (n=200)
    ρ=0.5: 13.74% ± 14.21% (n=200)
    ρ=0.6: 15.36% ± 15.76% (n=200)
    ρ=0.6: 17.48% ± 17.79% (n=200)
    ρ=0.7: 19.77% ± 20.16% (n=200)
    ρ=0.7: 21.85% ± 22.07% (n=200)
    ρ=0.8: 23.79% ± 24.03% (n=200)
    ρ=0.8: 26.12% ± 26.29% (n=200)
    ρ=0.9: 28.04% ± 28.03% (n=200)
    ρ=0.9: 30.69% ± 30.11% (n=200)
    ρ=0.9: 37.23% ± 32.76% (n=200)
    ρ=1.0: 75.20% ± 13.68% (n=200)
  95% Bootstrap CI for optimal ρ: [1.00, 1.00]
Traceback (most recent call last):
  File "D:\Desktop\Q-research\scripts\phase2_statistics.py", line 230, in <module>
    'model_comparison': {n: {k: {kk: float(vv) for kk, vv in v.items()} for k, v in r.items()}
  File "D:\Desktop\Q-research\scripts\phase2_statistics.py", line 230, in <dictcomp>
    'model_comparison': {n: {k: {kk: float(vv) for kk, vv in v.items()} for k, v in r.items()}
  File "D:\Desktop\Q-research\scripts\phase2_statistics.py", line 230, in <dictcomp>
    'model_comparison': {n: {k: {kk: float(vv) for kk, vv in v.items()} for k, v in r.items()}
AttributeError: 'float' object has no attribute 'items'
