D:\Desktop\Q-research\scripts\phase2_statistics.py:156: RuntimeWarning: Mean of empty slice.
  print(f"  {name:<10}  {arr.mean():>7.2%}  {np.median(arr):>7.2%}  {arr.std():>6.2%}  {(arr>=0.05).mean():>7.1%}")
D:\Downloads\miniforge3\envs\q-research\lib\site-packages\numpy\_core\_methods.py:145: RuntimeWarning: invalid value encountered in scalar divide
  ret = ret.dtype.type(ret / rcount)
D:\Downloads\miniforge3\envs\q-research\lib\site-packages\numpy\_core\fromnumeric.py:3860: RuntimeWarning: Mean of empty slice.
  return _methods._mean(a, axis=axis, dtype=dtype,
D:\Downloads\miniforge3\envs\q-research\lib\site-packages\numpy\_core\_methods.py:223: RuntimeWarning: Degrees of freedom <= 0 for slice
  ret = _var(a, axis=axis, dtype=dtype, out=out, ddof=ddof,
D:\Downloads\miniforge3\envs\q-research\lib\site-packages\numpy\_core\_methods.py:181: RuntimeWarning: invalid value encountered in divide
  arrmean = um.true_divide(arrmean, div, out=arrmean,
D:\Downloads\miniforge3\envs\q-research\lib\site-packages\numpy\_core\_methods.py:215: RuntimeWarning: invalid value encountered in scalar divide
  ret = ret.dtype.type(ret / rcount)
D:\Desktop\Q-research\scripts\phase2_statistics.py:159: SmallSampleWarning: One or more sample arguments is too small; all returned values will be NaN. See documentation for sample size requirements.
  stat_sa, p_sa = sp_stats.mannwhitneyu(greedy_red, sa_red, alternative='greater')
D:\Desktop\Q-research\scripts\phase2_statistics.py:160: SmallSampleWarning: One or more sample arguments is too small; all returned values will be NaN. See documentation for sample size requirements.
  stat_ga, p_ga = sp_stats.mannwhitneyu(greedy_red, ga_red, alternative='greater')
D:\Desktop\Q-research\scripts\phase2_statistics.py:161: SmallSampleWarning: One or more sample arguments is too small; all returned values will be NaN. See documentation for sample size requirements.
  stat_rls, p_rls = sp_stats.mannwhitneyu(greedy_red, rls_red, alternative='greater')
Loading data files...
  E1: data/raw\exp1_phase_transition_20260530_095003.csv
  E2: data/raw\exp2_entanglement_density_20260530_161336.csv
  E3: data/raw\exp3_scaling_20260530_100830.csv
  E4: data/raw\exp4_algorithm_comparison_20260530_111458.csv
Loaded: E1=5000, E2=4200, E3=12000, E4=400

======================================================================
ANALYSIS 1: Phase Transition — Exponential vs Sigmoid Model
======================================================================

  n=3:
    Exponential: P0=nan, d0=nan, R²=nan
    Sigmoid: dc=nan, w=nan, R²=nan
    ΔAIC = +nan → favors sigmoid
    ΔBIC = +nan

  n=5:
    Exponential: P0=0.933, d0=5973353160.8, R²=-0.000
    Sigmoid: dc=100.0, w=19.6, R²=-0.267
    ΔAIC = -11.8 → favors exponential
    ΔBIC = -11.8

  n=7:
    Exponential: P0=nan, d0=nan, R²=nan
    Sigmoid: dc=nan, w=nan, R²=nan
    ΔAIC = +nan → favors sigmoid
    ΔBIC = +nan

======================================================================
ANALYSIS 2: Finite-Size Scaling of d0
======================================================================
  d0 vs n: slope=nan, R²=nan, p=nan
  Conclusion: d0 does NOT scale with n

======================================================================
ANALYSIS 3: Algorithm Comparison (SA/GA vs Greedy)
======================================================================

  Optimizer       Mean    Median      Std   Succ 5%
  --------------------------------------------------
  Greedy       14.36%   13.33%   5.91%    96.0%
  SA             nan%     nan%    nan%     nan%
  GA             nan%     nan%    nan%     nan%
  RLS            nan%     nan%    nan%     nan%
Traceback (most recent call last):
  File "D:\Desktop\Q-research\scripts\phase2_statistics.py", line 175, in <module>
    print(f"\n  Mann-Whitney (Greedy vs SA): U={int(stat_sa)}, p={p_sa:.2e}")
ValueError: cannot convert float NaN to integer
phase2_stats FAILED
