======================================================================
Phase 0: Data Integrity Fix — Re-running E1-E5 with FIXED Greedy
Generator: FastRandomCircuitGenerator (matches original E1-E5)
Optimizer fix: _are_inverse checks qubit matching
======================================================================

[e1_phase_transition] Phase Transition (3 n × 6 d × 50 trials × 4 opts = 3600 records)
  Progress: 200/3600 (6%)
  Progress: 400/3600 (11%)
  Progress: 600/3600 (17%)
  Progress: 800/3600 (22%)
  Progress: 1000/3600 (28%)
  Progress: 1200/3600 (33%)
  Progress: 1400/3600 (39%)
  Progress: 1600/3600 (44%)
  Progress: 1800/3600 (50%)
  Progress: 2000/3600 (56%)
  Progress: 2200/3600 (61%)
  Progress: 2400/3600 (67%)
  Progress: 2600/3600 (72%)
  Progress: 2800/3600 (78%)
  Progress: 3000/3600 (83%)
  Progress: 3200/3600 (89%)
  Progress: 3400/3600 (94%)
  Progress: 3600/3600 (100%)

[e2_entanglement_density] Entanglement Density (2 n × 50 trials × 4 opts = 400 records)
  Progress: 200/400 (50%)
  Progress: 400/400 (100%)

[e3_scaling] Scaling (7 n × 50 trials × 4 opts = 1400 records)
  Progress: 200/1400 (14%)
  Progress: 400/1400 (29%)
  Progress: 600/1400 (43%)
