\BOOKMARK [0][-]{section*.2}{\376\377\000P\000e\000e\000p\000h\000o\000l\000e\000\040\000O\000p\000t\000i\000m\000i\000z\000a\000t\000i\000o\000n\000\040\000o\000f\000\040\000Q\000u\000a\000n\000t\000u\000m\000\040\000C\000i\000r\000c\000u\000i\000t\000s\000:\000A\000\040\000B\000o\000u\000n\000d\000a\000r\000y\000\040\000C\000h\000a\000r\000a\000c\000t\000e\000r\000i\000z\000a\000t\000i\000o\000n\000\040\000o\000f\000\040\000A\000d\000j\000a\000c\000e\000n\000t\000-\000S\000e\000a\000r\000c\000h\000\040\000M\000e\000t\000h\000o\000d\000s}{}% 2
\BOOKMARK [1][-]{section*.1}{\376\377\000A\000b\000s\000t\000r\000a\000c\000t}{section*.2}% 1
\BOOKMARK [1][-]{section*.3}{\376\377\000I\000n\000t\000r\000o\000d\000u\000c\000t\000i\000o\000n}{section*.2}% 3
\BOOKMARK [1][-]{section*.4}{\376\377\000T\000h\000e\000o\000r\000y}{section*.2}% 4
\BOOKMARK [2][-]{section*.5}{\376\377\000P\000r\000o\000b\000l\000e\000m\000\040\000D\000e\000f\000i\000n\000i\000t\000i\000o\000n}{section*.4}% 5
\BOOKMARK [2][-]{section*.6}{\376\377\000T\000h\000e\000o\000r\000e\000m\000\040\0001\000\040\000\050\000Q\000M\000A\000-\000H\000a\000r\000d\000n\000e\000s\000s\000\051}{section*.4}% 6
\BOOKMARK [2][-]{section*.7}{\376\377\000T\000h\000e\000o\000r\000e\000m\000\040\0002\000\040\000\050\000I\000n\000a\000p\000p\000r\000o\000x\000i\000m\000a\000b\000i\000l\000i\000t\000y\000\051}{section*.4}% 7
\BOOKMARK [2][-]{section*.8}{\376\377\000L\000e\000m\000m\000a\000\040\0003\000\040\000\050\000\050\0001\000/\000n\000\051\000\040\000L\000o\000w\000e\000r\000\040\000B\000o\000u\000n\000d\000\051}{section*.4}% 8
\BOOKMARK [1][-]{section*.9}{\376\377\000R\000e\000s\000u\000l\000t\000s}{section*.2}% 9
\BOOKMARK [2][-]{section*.10}{\376\377\000E\0001\000:\000\040\000N\000o\000\040\000P\000h\000a\000s\000e\000\040\000T\000r\000a\000n\000s\000i\000t\000i\000o\000n}{section*.9}% 10
\BOOKMARK [2][-]{section*.11}{\376\377\000E\0002\000:\000\040\000E\000n\000t\000a\000n\000g\000l\000e\000m\000e\000n\000t\000\040\000D\000e\000n\000s\000i\000t\000y\000\040\000S\000w\000e\000e\000t\000\040\000S\000p\000o\000t}{section*.9}% 11
\BOOKMARK [2][-]{section*.12}{\376\377\000E\0003\000:\000\040\000P\000o\000w\000e\000r\000-\000L\000a\000w\000\040\000S\000c\000a\000l\000i\000n\000g}{section*.9}% 12
\BOOKMARK [2][-]{section*.13}{\376\377\000E\0004\000:\000\040\000A\000l\000g\000o\000r\000i\000t\000h\000m\000\040\000C\000o\000m\000p\000a\000r\000i\000s\000o\000n\000\040\000\050\000P\000h\000a\000s\000e\000\040\0001\000+\0002\000\040\000D\000a\000t\000a\000\051}{section*.9}% 13
\BOOKMARK [2][-]{section*.14}{\376\377\000E\0007\000:\000\040\000R\000e\000a\000l\000\040\000Q\000u\000a\000n\000t\000u\000m\000\040\000A\000l\000g\000o\000r\000i\000t\000h\000m\000\040\000C\000i\000r\000c\000u\000i\000t\000s}{section*.9}% 14
\BOOKMARK [2][-]{section*.15}{\376\377\000E\0008\000:\000\040\000S\000t\000r\000u\000c\000t\000u\000r\000e\000d\000\040\000S\000y\000n\000t\000h\000e\000t\000i\000c\000\040\000C\000i\000r\000c\000u\000i\000t\000s\040\024\000T\000h\000e\000\040\000P\000h\000a\000s\000e\000\040\0001\000\040\000C\000e\000i\000l\000i\000n\000g}{section*.9}% 15
\BOOKMARK [2][-]{section*.16}{\376\377\000E\0009\000:\000\040\000T\000h\000r\000e\000s\000h\000o\000l\000d\000\040\000S\000c\000a\000n}{section*.9}% 16
\BOOKMARK [2][-]{section*.17}{\376\377\000P\000h\000a\000s\000e\000\040\0000\000:\000\040\000O\000L\000D\000\040\000v\000s\000.\000\040\000N\000E\000W\040\024\000P\000h\000a\000s\000e\000\040\0002\000\040\000i\000s\000\040\000D\000e\000c\000i\000s\000i\000v\000e}{section*.9}% 17
\BOOKMARK [1][-]{section*.18}{\376\377\000D\000i\000s\000c\000u\000s\000s\000i\000o\000n}{section*.2}% 18
\BOOKMARK [1][-]{section*.19}{\376\377\000M\000e\000t\000h\000o\000d\000s}{section*.2}% 19
\BOOKMARK [1][-]{section*.20}{\376\377\000C\000o\000n\000c\000l\000u\000s\000i\000o\000n}{section*.2}% 20
\BOOKMARK [1][-]{section*.21}{\376\377\000R\000e\000f\000e\000r\000e\000n\000c\000e\000s}{section*.2}% 21
